01:51:23 **** Incremental Build of configuration Debug for project Flight_Computer_Core ****
make all 
Building file: ../Src/main.c
Invoking: GNU ARM Cross C Compiler
arm-none-eabi-gcc -mcpu=cortex-m4 -mthumb -mfloat-abi=soft -Og -fmessage-length=0 -fsigned-char -ffunction-sections -fdata-sections -ffreestanding -fno-move-loop-invariants -Wall -Wextra  -g3 -DDEBUG -DUSE_FULL_ASSERT -DTRACE -DOS_USE_TRACE_ITM -DSTM32F446xx -DUSE_HAL_DRIVER -DHSE_VALUE=24000000 -I"../Inc" -I"../system/Inc" -I"../system/Inc/cmsis" -I"../system/Inc/stm32f4-hal" -std=gnu11 -MMD -MP -MF"Src/main.d" -MT"Src/main.o" -c -o "Src/main.o" "../Src/main.c"
../Src/main.c: In function 'main':
../Src/main.c:134:12: warning: unused variable 'log' [-Wunused-variable]
   logfile *log = new_log();
            ^
../Src/main.c: In function '_Error_Handler':
../Src/main.c:447:28: warning: unused parameter 'file' [-Wunused-parameter]
 void _Error_Handler(char * file, int line)
                            ^
../Src/main.c:447:38: warning: unused parameter 'line' [-Wunused-parameter]
 void _Error_Handler(char * file, int line)
                                      ^
../Src/main.c: In function 'assert_failed':
../Src/main.c:466:29: warning: unused parameter 'file' [-Wunused-parameter]
 void assert_failed(uint8_t* file, uint32_t line)
                             ^
../Src/main.c:466:44: warning: unused parameter 'line' [-Wunused-parameter]
 void assert_failed(uint8_t* file, uint32_t line)
                                            ^
Finished building: ../Src/main.c
 
Building target: Flight_Computer_Core.elf
Invoking: GNU ARM Cross C++ Linker
arm-none-eabi-g++ -mcpu=cortex-m4 -mthumb -mfloat-abi=soft -Og -fmessage-length=0 -fsigned-char -ffunction-sections -fdata-sections -ffreestanding -fno-move-loop-invariants -Wall -Wextra  -g3 -T mem.ld -T libs.ld -T sections.ld -nostartfiles -Xlinker --gc-sections -L"../ldscripts" -Wl,-Map,"Flight_Computer_Core.map" -o "Flight_Computer_Core.elf"  ./system/Src/stm32f4-hal/stm32f4xx_hal.o ./system/Src/stm32f4-hal/stm32f4xx_hal_adc.o ./system/Src/stm32f4-hal/stm32f4xx_hal_cortex.o ./system/Src/stm32f4-hal/stm32f4xx_hal_dfsdm.o ./system/Src/stm32f4-hal/stm32f4xx_hal_dma.o ./system/Src/stm32f4-hal/stm32f4xx_hal_flash.o ./system/Src/stm32f4-hal/stm32f4xx_hal_gpio.o ./system/Src/stm32f4-hal/stm32f4xx_hal_iwdg.o ./system/Src/stm32f4-hal/stm32f4xx_hal_pwr.o ./system/Src/stm32f4-hal/stm32f4xx_hal_pwr_ex.o ./system/Src/stm32f4-hal/stm32f4xx_hal_rcc.o ./system/Src/stm32f4-hal/stm32f4xx_hal_spi.o ./system/Src/stm32f4-hal/stm32f4xx_hal_tim.o ./system/Src/stm32f4-hal/stm32f4xx_hal_uart.o  ./system/Src/newlib/_cxx.o ./system/Src/newlib/_exit.o ./system/Src/newlib/_sbrk.o ./system/Src/newlib/_startup.o ./system/Src/newlib/_syscalls.o ./system/Src/newlib/assert.o  ./system/Src/diag/Trace.o ./system/Src/diag/trace_impl.o  ./system/Src/cortexm/_initialize_hardware.o ./system/Src/cortexm/_reset_hardware.o ./system/Src/cortexm/exception_handlers.o  ./system/Src/cmsis/vectors_stm32f446xx.o  ./Src/_initialize_hardware.o ./Src/_write.o ./Src/commandline.o ./Src/flash.o ./Src/main.o ./Src/sensors.o ./Src/stm32f4xx_hal_msp.o ./Src/stm32f4xx_it.o ./Src/system_stm32f4xx.o   
Finished building target: Flight_Computer_Core.elf
 
Invoking: GNU ARM Cross Create Flash Image
arm-none-eabi-objcopy -O ihex "Flight_Computer_Core.elf"  "Flight_Computer_Core.hex"
Finished building: Flight_Computer_Core.hex
 
Invoking: GNU ARM Cross Print Size
arm-none-eabi-size --format=berkeley "Flight_Computer_Core.elf"
   text	   data	    bss	    dec	    hex	filename
  33944	   2224	    900	  37068	   90cc	Flight_Computer_Core.elf
Finished building: Flight_Computer_Core.siz
 
01:51:33 **** Incremental Build of configuration Debug for project Flight_Computer_Core ****
make all 
Invoking: GNU ARM Cross Print Size
arm-none-eabi-size --format=berkeley "Flight_Computer_Core.elf"
   text	   data	    bss	    dec	    hex	filename
  33944	   2224	    900	  37068	   90cc	Flight_Computer_Core.elf
Finished building: Flight_Computer_Core.siz
 
02:23:17 **** Incremental Build of configuration Debug for project Flight_Computer_Core ****
make all 
Building file: ../Src/main.c
Invoking: GNU ARM Cross C Compiler
arm-none-eabi-gcc -mcpu=cortex-m4 -mthumb -mfloat-abi=soft -Og -fmessage-length=0 -fsigned-char -ffunction-sections -fdata-sections -ffreestanding -fno-move-loop-invariants -Wall -Wextra  -g3 -DDEBUG -DUSE_FULL_ASSERT -DTRACE -DOS_USE_TRACE_ITM -DSTM32F446xx -DUSE_HAL_DRIVER -DHSE_VALUE=24000000 -I"../Inc" -I"../system/Inc" -I"../system/Inc/cmsis" -I"../system/Inc/stm32f4-hal" -std=gnu11 -MMD -MP -MF"Src/main.d" -MT"Src/main.o" -c -o "Src/main.o" "../Src/main.c"
../Src/main.c: In function 'main':
../Src/main.c:141:12: warning: unused variable 'log' [-Wunused-variable]
   logfile *log = new_log();
            ^
../Src/main.c: In function '_Error_Handler':
../Src/main.c:454:28: warning: unused parameter 'file' [-Wunused-parameter]
 void _Error_Handler(char * file, int line)
                            ^
../Src/main.c:454:38: warning: unused parameter 'line' [-Wunused-parameter]
 void _Error_Handler(char * file, int line)
                                      ^
../Src/main.c: In function 'assert_failed':
../Src/main.c:473:29: warning: unused parameter 'file' [-Wunused-parameter]
 void assert_failed(uint8_t* file, uint32_t line)
                             ^
../Src/main.c:473:44: warning: unused parameter 'line' [-Wunused-parameter]
 void assert_failed(uint8_t* file, uint32_t line)
                                            ^
Finished building: ../Src/main.c
 
Building file: ../Src/sensors.c
Invoking: GNU ARM Cross C Compiler
arm-none-eabi-gcc -mcpu=cortex-m4 -mthumb -mfloat-abi=soft -Og -fmessage-length=0 -fsigned-char -ffunction-sections -fdata-sections -ffreestanding -fno-move-loop-invariants -Wall -Wextra  -g3 -DDEBUG -DUSE_FULL_ASSERT -DTRACE -DOS_USE_TRACE_ITM -DSTM32F446xx -DUSE_HAL_DRIVER -DHSE_VALUE=24000000 -I"../Inc" -I"../system/Inc" -I"../system/Inc/cmsis" -I"../system/Inc/stm32f4-hal" -std=gnu11 -MMD -MP -MF"Src/sensors.d" -MT"Src/sensors.o" -c -o "Src/sensors.o" "../Src/sensors.c"
../Src/sensors.c:71:1: warning: return type defaults to 'int' [-Wimplicit-int]
 init_gyros(void){
 ^
../Src/sensors.c:71:1: warning: conflicting types for 'init_gyros'
In file included from ../Src/sensors.c:11:0:
../Src/sensors.h:35:6: note: previous declaration of 'init_gyros' was here
 void init_gyros(void);
      ^
../Src/sensors.c: In function 'test_gyros':
../Src/sensors.c:119:36: warning: implicit declaration of function 'strlen' [-Wimplicit-function-declaration]
   HAL_UART_Transmit(&huart1, data, strlen(data), 0xff);
                                    ^
../Src/sensors.c:134:14: warning: pointer targets in passing argument 1 of 'snprintf' differ in signedness [-Wpointer-sign]
     snprintf(data, 100, "%d %d %d\r\n", avg_x, avg_y, avg_z);
              ^
In file included from c:\program files (x86)\gnu tools arm embedded\5.4 2016q2\arm-none-eabi\include\stdio.h:29:0,
                 from ../system/Inc/stm32f4-hal/stm32f4xx_hal_def.h:50,
                 from ../system/Inc/stm32f4-hal/stm32f4xx_hal_rcc.h:47,
                 from ../Inc/stm32f4xx_hal_conf.h:244,
                 from ../system/Inc/stm32f4-hal/stm32f4xx_hal.h:48,
                 from ../Src/sensors.c:10:
c:\program files (x86)\gnu tools arm embedded\5.4 2016q2\arm-none-eabi\include\stdio.h:253:5: note: expected 'char * restrict' but argument is of type 'uint8_t * {aka unsigned char *}'
 int _EXFUN(snprintf, (char *__restrict, size_t, const char *__restrict, ...)
     ^
../Src/sensors.c: In function 'test_accel':
../Src/sensors.c:196:16: warning: pointer targets in passing argument 1 of 'snprintf' differ in signedness [-Wpointer-sign]
       snprintf(data, 100, "%.3f %.3f %.3f\r\n", temp1, temp2, temp3); //X Y Z
                ^
In file included from c:\program files (x86)\gnu tools arm embedded\5.4 2016q2\arm-none-eabi\include\stdio.h:29:0,
                 from ../system/Inc/stm32f4-hal/stm32f4xx_hal_def.h:50,
                 from ../system/Inc/stm32f4-hal/stm32f4xx_hal_rcc.h:47,
                 from ../Inc/stm32f4xx_hal_conf.h:244,
                 from ../system/Inc/stm32f4-hal/stm32f4xx_hal.h:48,
                 from ../Src/sensors.c:10:
c:\program files (x86)\gnu tools arm embedded\5.4 2016q2\arm-none-eabi\include\stdio.h:253:5: note: expected 'char * restrict' but argument is of type 'uint8_t * {aka unsigned char *}'
 int _EXFUN(snprintf, (char *__restrict, size_t, const char *__restrict, ...)
     ^
../Src/sensors.c: At top level:
../Src/sensors.c:254:6: error: conflicting types for 'D1_conv_baro'
 void D1_conv_baro(baro *b){
      ^
In file included from ../Src/sensors.c:11:0:
../Src/sensors.h:44:6: note: previous declaration of 'D1_conv_baro' was here
 void D1_conv_baro(void);
      ^
../Src/sensors.c:264:6: error: conflicting types for 'D2_conv_baro'
 void D2_conv_baro(baro *b){
      ^
In file included from ../Src/sensors.c:11:0:
../Src/sensors.h:45:6: note: previous declaration of 'D2_conv_baro' was here
 void D2_conv_baro(void);
      ^
../Src/sensors.c: In function 'conv_pres_baro':
../Src/sensors.c:299:15: warning: variable 'TEMP' set but not used [-Wunused-but-set-variable]
   int32_t dT, TEMP;
               ^
Src/subdir.mk:42: recipe for target 'Src/sensors.o' failed
make: *** [Src/sensors.o] Error 1
02:24:12 **** Incremental Build of configuration Debug for project Flight_Computer_Core ****
make all 
Building file: ../Src/main.c
Invoking: GNU ARM Cross C Compiler
arm-none-eabi-gcc -mcpu=cortex-m4 -mthumb -mfloat-abi=soft -Og -fmessage-length=0 -fsigned-char -ffunction-sections -fdata-sections -ffreestanding -fno-move-loop-invariants -Wall -Wextra  -g3 -DDEBUG -DUSE_FULL_ASSERT -DTRACE -DOS_USE_TRACE_ITM -DSTM32F446xx -DUSE_HAL_DRIVER -DHSE_VALUE=24000000 -I"../Inc" -I"../system/Inc" -I"../system/Inc/cmsis" -I"../system/Inc/stm32f4-hal" -std=gnu11 -MMD -MP -MF"Src/main.d" -MT"Src/main.o" -c -o "Src/main.o" "../Src/main.c"
../Src/main.c: In function 'main':
../Src/main.c:142:12: warning: unused variable 'log' [-Wunused-variable]
   logfile *log = new_log();
            ^
../Src/main.c: In function '_Error_Handler':
../Src/main.c:455:28: warning: unused parameter 'file' [-Wunused-parameter]
 void _Error_Handler(char * file, int line)
                            ^
../Src/main.c:455:38: warning: unused parameter 'line' [-Wunused-parameter]
 void _Error_Handler(char * file, int line)
                                      ^
../Src/main.c: In function 'assert_failed':
../Src/main.c:474:29: warning: unused parameter 'file' [-Wunused-parameter]
 void assert_failed(uint8_t* file, uint32_t line)
                             ^
../Src/main.c:474:44: warning: unused parameter 'line' [-Wunused-parameter]
 void assert_failed(uint8_t* file, uint32_t line)
                                            ^
Finished building: ../Src/main.c
 
Building file: ../Src/sensors.c
Invoking: GNU ARM Cross C Compiler
arm-none-eabi-gcc -mcpu=cortex-m4 -mthumb -mfloat-abi=soft -Og -fmessage-length=0 -fsigned-char -ffunction-sections -fdata-sections -ffreestanding -fno-move-loop-invariants -Wall -Wextra  -g3 -DDEBUG -DUSE_FULL_ASSERT -DTRACE -DOS_USE_TRACE_ITM -DSTM32F446xx -DUSE_HAL_DRIVER -DHSE_VALUE=24000000 -I"../Inc" -I"../system/Inc" -I"../system/Inc/cmsis" -I"../system/Inc/stm32f4-hal" -std=gnu11 -MMD -MP -MF"Src/sensors.d" -MT"Src/sensors.o" -c -o "Src/sensors.o" "../Src/sensors.c"
../Src/sensors.c:71:1: warning: return type defaults to 'int' [-Wimplicit-int]
 init_gyros(void){
 ^
../Src/sensors.c:71:1: warning: conflicting types for 'init_gyros'
In file included from ../Src/sensors.c:11:0:
../Src/sensors.h:35:6: note: previous declaration of 'init_gyros' was here
 void init_gyros(void);
      ^
../Src/sensors.c: In function 'test_gyros':
../Src/sensors.c:119:36: warning: implicit declaration of function 'strlen' [-Wimplicit-function-declaration]
   HAL_UART_Transmit(&huart1, data, strlen(data), 0xff);
                                    ^
../Src/sensors.c:134:14: warning: pointer targets in passing argument 1 of 'snprintf' differ in signedness [-Wpointer-sign]
     snprintf(data, 100, "%d %d %d\r\n", avg_x, avg_y, avg_z);
              ^
In file included from c:\program files (x86)\gnu tools arm embedded\5.4 2016q2\arm-none-eabi\include\stdio.h:29:0,
                 from ../system/Inc/stm32f4-hal/stm32f4xx_hal_def.h:50,
                 from ../system/Inc/stm32f4-hal/stm32f4xx_hal_rcc.h:47,
                 from ../Inc/stm32f4xx_hal_conf.h:244,
                 from ../system/Inc/stm32f4-hal/stm32f4xx_hal.h:48,
                 from ../Src/sensors.c:10:
c:\program files (x86)\gnu tools arm embedded\5.4 2016q2\arm-none-eabi\include\stdio.h:253:5: note: expected 'char * restrict' but argument is of type 'uint8_t * {aka unsigned char *}'
 int _EXFUN(snprintf, (char *__restrict, size_t, const char *__restrict, ...)
     ^
../Src/sensors.c: In function 'test_accel':
../Src/sensors.c:196:16: warning: pointer targets in passing argument 1 of 'snprintf' differ in signedness [-Wpointer-sign]
       snprintf(data, 100, "%.3f %.3f %.3f\r\n", temp1, temp2, temp3); //X Y Z
                ^
In file included from c:\program files (x86)\gnu tools arm embedded\5.4 2016q2\arm-none-eabi\include\stdio.h:29:0,
                 from ../system/Inc/stm32f4-hal/stm32f4xx_hal_def.h:50,
                 from ../system/Inc/stm32f4-hal/stm32f4xx_hal_rcc.h:47,
                 from ../Inc/stm32f4xx_hal_conf.h:244,
                 from ../system/Inc/stm32f4-hal/stm32f4xx_hal.h:48,
                 from ../Src/sensors.c:10:
c:\program files (x86)\gnu tools arm embedded\5.4 2016q2\arm-none-eabi\include\stdio.h:253:5: note: expected 'char * restrict' but argument is of type 'uint8_t * {aka unsigned char *}'
 int _EXFUN(snprintf, (char *__restrict, size_t, const char *__restrict, ...)
     ^
../Src/sensors.c: In function 'conv_pres_baro':
../Src/sensors.c:299:15: warning: variable 'TEMP' set but not used [-Wunused-but-set-variable]
   int32_t dT, TEMP;
               ^
Finished building: ../Src/sensors.c
 
Building target: Flight_Computer_Core.elf
Invoking: GNU ARM Cross C++ Linker
arm-none-eabi-g++ -mcpu=cortex-m4 -mthumb -mfloat-abi=soft -Og -fmessage-length=0 -fsigned-char -ffunction-sections -fdata-sections -ffreestanding -fno-move-loop-invariants -Wall -Wextra  -g3 -T mem.ld -T libs.ld -T sections.ld -nostartfiles -Xlinker --gc-sections -L"../ldscripts" -Wl,-Map,"Flight_Computer_Core.map" -o "Flight_Computer_Core.elf"  ./system/Src/stm32f4-hal/stm32f4xx_hal.o ./system/Src/stm32f4-hal/stm32f4xx_hal_adc.o ./system/Src/stm32f4-hal/stm32f4xx_hal_cortex.o ./system/Src/stm32f4-hal/stm32f4xx_hal_dfsdm.o ./system/Src/stm32f4-hal/stm32f4xx_hal_dma.o ./system/Src/stm32f4-hal/stm32f4xx_hal_flash.o ./system/Src/stm32f4-hal/stm32f4xx_hal_gpio.o ./system/Src/stm32f4-hal/stm32f4xx_hal_iwdg.o ./system/Src/stm32f4-hal/stm32f4xx_hal_pwr.o ./system/Src/stm32f4-hal/stm32f4xx_hal_pwr_ex.o ./system/Src/stm32f4-hal/stm32f4xx_hal_rcc.o ./system/Src/stm32f4-hal/stm32f4xx_hal_spi.o ./system/Src/stm32f4-hal/stm32f4xx_hal_tim.o ./system/Src/stm32f4-hal/stm32f4xx_hal_uart.o  ./system/Src/newlib/_cxx.o ./system/Src/newlib/_exit.o ./system/Src/newlib/_sbrk.o ./system/Src/newlib/_startup.o ./system/Src/newlib/_syscalls.o ./system/Src/newlib/assert.o  ./system/Src/diag/Trace.o ./system/Src/diag/trace_impl.o  ./system/Src/cortexm/_initialize_hardware.o ./system/Src/cortexm/_reset_hardware.o ./system/Src/cortexm/exception_handlers.o  ./system/Src/cmsis/vectors_stm32f446xx.o  ./Src/_initialize_hardware.o ./Src/_write.o ./Src/commandline.o ./Src/flash.o ./Src/main.o ./Src/sensors.o ./Src/stm32f4xx_hal_msp.o ./Src/stm32f4xx_it.o ./Src/system_stm32f4xx.o   
Finished building target: Flight_Computer_Core.elf
 
Invoking: GNU ARM Cross Create Flash Image
arm-none-eabi-objcopy -O ihex "Flight_Computer_Core.elf"  "Flight_Computer_Core.hex"
Finished building: Flight_Computer_Core.hex
 
Invoking: GNU ARM Cross Print Size
arm-none-eabi-size --format=berkeley "Flight_Computer_Core.elf"
   text	   data	    bss	    dec	    hex	filename
  34456	   2224	    900	  37580	   92cc	Flight_Computer_Core.elf
Finished building: Flight_Computer_Core.siz
 
02:29:35 **** Incremental Build of configuration Debug for project Flight_Computer_Core ****
make all 
Building file: ../Src/sensors.c
Invoking: GNU ARM Cross C Compiler
arm-none-eabi-gcc -mcpu=cortex-m4 -mthumb -mfloat-abi=soft -Og -fmessage-length=0 -fsigned-char -ffunction-sections -fdata-sections -ffreestanding -fno-move-loop-invariants -Wall -Wextra  -g3 -DDEBUG -DUSE_FULL_ASSERT -DTRACE -DOS_USE_TRACE_ITM -DSTM32F446xx -DUSE_HAL_DRIVER -DHSE_VALUE=24000000 -I"../Inc" -I"../system/Inc" -I"../system/Inc/cmsis" -I"../system/Inc/stm32f4-hal" -std=gnu11 -MMD -MP -MF"Src/sensors.d" -MT"Src/sensors.o" -c -o "Src/sensors.o" "../Src/sensors.c"
../Src/sensors.c:71:1: warning: return type defaults to 'int' [-Wimplicit-int]
 init_gyros(void){
 ^
../Src/sensors.c:71:1: warning: conflicting types for 'init_gyros'
In file included from ../Src/sensors.c:11:0:
../Src/sensors.h:35:6: note: previous declaration of 'init_gyros' was here
 void init_gyros(void);
      ^
../Src/sensors.c: In function 'test_gyros':
../Src/sensors.c:119:36: warning: implicit declaration of function 'strlen' [-Wimplicit-function-declaration]
   HAL_UART_Transmit(&huart1, data, strlen(data), 0xff);
                                    ^
../Src/sensors.c:134:14: warning: pointer targets in passing argument 1 of 'snprintf' differ in signedness [-Wpointer-sign]
     snprintf(data, 100, "%d %d %d\r\n", avg_x, avg_y, avg_z);
              ^
In file included from c:\program files (x86)\gnu tools arm embedded\5.4 2016q2\arm-none-eabi\include\stdio.h:29:0,
                 from ../system/Inc/stm32f4-hal/stm32f4xx_hal_def.h:50,
                 from ../system/Inc/stm32f4-hal/stm32f4xx_hal_rcc.h:47,
                 from ../Inc/stm32f4xx_hal_conf.h:244,
                 from ../system/Inc/stm32f4-hal/stm32f4xx_hal.h:48,
                 from ../Src/sensors.c:10:
c:\program files (x86)\gnu tools arm embedded\5.4 2016q2\arm-none-eabi\include\stdio.h:253:5: note: expected 'char * restrict' but argument is of type 'uint8_t * {aka unsigned char *}'
 int _EXFUN(snprintf, (char *__restrict, size_t, const char *__restrict, ...)
     ^
../Src/sensors.c: In function 'test_accel':
../Src/sensors.c:196:16: warning: pointer targets in passing argument 1 of 'snprintf' differ in signedness [-Wpointer-sign]
       snprintf(data, 100, "%.3f %.3f %.3f\r\n", temp1, temp2, temp3); //X Y Z
                ^
In file included from c:\program files (x86)\gnu tools arm embedded\5.4 2016q2\arm-none-eabi\include\stdio.h:29:0,
                 from ../system/Inc/stm32f4-hal/stm32f4xx_hal_def.h:50,
                 from ../system/Inc/stm32f4-hal/stm32f4xx_hal_rcc.h:47,
                 from ../Inc/stm32f4xx_hal_conf.h:244,
                 from ../system/Inc/stm32f4-hal/stm32f4xx_hal.h:48,
                 from ../Src/sensors.c:10:
c:\program files (x86)\gnu tools arm embedded\5.4 2016q2\arm-none-eabi\include\stdio.h:253:5: note: expected 'char * restrict' but argument is of type 'uint8_t * {aka unsigned char *}'
 int _EXFUN(snprintf, (char *__restrict, size_t, const char *__restrict, ...)
     ^
../Src/sensors.c: In function 'conv_pres_baro':
../Src/sensors.c:299:15: warning: variable 'TEMP' set but not used [-Wunused-but-set-variable]
   int32_t dT, TEMP;
               ^
Finished building: ../Src/sensors.c
 
Building target: Flight_Computer_Core.elf
Invoking: GNU ARM Cross C++ Linker
arm-none-eabi-g++ -mcpu=cortex-m4 -mthumb -mfloat-abi=soft -Og -fmessage-length=0 -fsigned-char -ffunction-sections -fdata-sections -ffreestanding -fno-move-loop-invariants -Wall -Wextra  -g3 -T mem.ld -T libs.ld -T sections.ld -nostartfiles -Xlinker --gc-sections -L"../ldscripts" -Wl,-Map,"Flight_Computer_Core.map" -o "Flight_Computer_Core.elf"  ./system/Src/stm32f4-hal/stm32f4xx_hal.o ./system/Src/stm32f4-hal/stm32f4xx_hal_adc.o ./system/Src/stm32f4-hal/stm32f4xx_hal_cortex.o ./system/Src/stm32f4-hal/stm32f4xx_hal_dfsdm.o ./system/Src/stm32f4-hal/stm32f4xx_hal_dma.o ./system/Src/stm32f4-hal/stm32f4xx_hal_flash.o ./system/Src/stm32f4-hal/stm32f4xx_hal_gpio.o ./system/Src/stm32f4-hal/stm32f4xx_hal_iwdg.o ./system/Src/stm32f4-hal/stm32f4xx_hal_pwr.o ./system/Src/stm32f4-hal/stm32f4xx_hal_pwr_ex.o ./system/Src/stm32f4-hal/stm32f4xx_hal_rcc.o ./system/Src/stm32f4-hal/stm32f4xx_hal_spi.o ./system/Src/stm32f4-hal/stm32f4xx_hal_tim.o ./system/Src/stm32f4-hal/stm32f4xx_hal_uart.o  ./system/Src/newlib/_cxx.o ./system/Src/newlib/_exit.o ./system/Src/newlib/_sbrk.o ./system/Src/newlib/_startup.o ./system/Src/newlib/_syscalls.o ./system/Src/newlib/assert.o  ./system/Src/diag/Trace.o ./system/Src/diag/trace_impl.o  ./system/Src/cortexm/_initialize_hardware.o ./system/Src/cortexm/_reset_hardware.o ./system/Src/cortexm/exception_handlers.o  ./system/Src/cmsis/vectors_stm32f446xx.o  ./Src/_initialize_hardware.o ./Src/_write.o ./Src/commandline.o ./Src/flash.o ./Src/main.o ./Src/sensors.o ./Src/stm32f4xx_hal_msp.o ./Src/stm32f4xx_it.o ./Src/system_stm32f4xx.o   
Finished building target: Flight_Computer_Core.elf
 
Invoking: GNU ARM Cross Create Flash Image
arm-none-eabi-objcopy -O ihex "Flight_Computer_Core.elf"  "Flight_Computer_Core.hex"
Finished building: Flight_Computer_Core.hex
 
Invoking: GNU ARM Cross Print Size
arm-none-eabi-size --format=berkeley "Flight_Computer_Core.elf"
   text	   data	    bss	    dec	    hex	filename
  34456	   2224	    900	  37580	   92cc	Flight_Computer_Core.elf
Finished building: Flight_Computer_Core.siz
 
02:30:34 **** Incremental Build of configuration Debug for project Flight_Computer_Core ****
make all 
Building file: ../Src/sensors.c
Invoking: GNU ARM Cross C Compiler
arm-none-eabi-gcc -mcpu=cortex-m4 -mthumb -mfloat-abi=soft -Og -fmessage-length=0 -fsigned-char -ffunction-sections -fdata-sections -ffreestanding -fno-move-loop-invariants -Wall -Wextra  -g3 -DDEBUG -DUSE_FULL_ASSERT -DTRACE -DOS_USE_TRACE_ITM -DSTM32F446xx -DUSE_HAL_DRIVER -DHSE_VALUE=24000000 -I"../Inc" -I"../system/Inc" -I"../system/Inc/cmsis" -I"../system/Inc/stm32f4-hal" -std=gnu11 -MMD -MP -MF"Src/sensors.d" -MT"Src/sensors.o" -c -o "Src/sensors.o" "../Src/sensors.c"
../Src/sensors.c:71:1: warning: return type defaults to 'int' [-Wimplicit-int]
 init_gyros(void){
 ^
../Src/sensors.c:71:1: warning: conflicting types for 'init_gyros'
In file included from ../Src/sensors.c:11:0:
../Src/sensors.h:35:6: note: previous declaration of 'init_gyros' was here
 void init_gyros(void);
      ^
../Src/sensors.c: In function 'test_gyros':
../Src/sensors.c:119:36: warning: implicit declaration of function 'strlen' [-Wimplicit-function-declaration]
   HAL_UART_Transmit(&huart1, data, strlen(data), 0xff);
                                    ^
../Src/sensors.c:134:14: warning: pointer targets in passing argument 1 of 'snprintf' differ in signedness [-Wpointer-sign]
     snprintf(data, 100, "%d %d %d\r\n", avg_x, avg_y, avg_z);
              ^
In file included from c:\program files (x86)\gnu tools arm embedded\5.4 2016q2\arm-none-eabi\include\stdio.h:29:0,
                 from ../system/Inc/stm32f4-hal/stm32f4xx_hal_def.h:50,
                 from ../system/Inc/stm32f4-hal/stm32f4xx_hal_rcc.h:47,
                 from ../Inc/stm32f4xx_hal_conf.h:244,
                 from ../system/Inc/stm32f4-hal/stm32f4xx_hal.h:48,
                 from ../Src/sensors.c:10:
c:\program files (x86)\gnu tools arm embedded\5.4 2016q2\arm-none-eabi\include\stdio.h:253:5: note: expected 'char * restrict' but argument is of type 'uint8_t * {aka unsigned char *}'
 int _EXFUN(snprintf, (char *__restrict, size_t, const char *__restrict, ...)
     ^
../Src/sensors.c: In function 'test_accel':
../Src/sensors.c:196:16: warning: pointer targets in passing argument 1 of 'snprintf' differ in signedness [-Wpointer-sign]
       snprintf(data, 100, "%.3f %.3f %.3f\r\n", temp1, temp2, temp3); //X Y Z
                ^
In file included from c:\program files (x86)\gnu tools arm embedded\5.4 2016q2\arm-none-eabi\include\stdio.h:29:0,
                 from ../system/Inc/stm32f4-hal/stm32f4xx_hal_def.h:50,
                 from ../system/Inc/stm32f4-hal/stm32f4xx_hal_rcc.h:47,
                 from ../Inc/stm32f4xx_hal_conf.h:244,
                 from ../system/Inc/stm32f4-hal/stm32f4xx_hal.h:48,
                 from ../Src/sensors.c:10:
c:\program files (x86)\gnu tools arm embedded\5.4 2016q2\arm-none-eabi\include\stdio.h:253:5: note: expected 'char * restrict' but argument is of type 'uint8_t * {aka unsigned char *}'
 int _EXFUN(snprintf, (char *__restrict, size_t, const char *__restrict, ...)
     ^
../Src/sensors.c: In function 'conv_pres_baro':
../Src/sensors.c:299:15: warning: variable 'TEMP' set but not used [-Wunused-but-set-variable]
   int32_t dT, TEMP;
               ^
Finished building: ../Src/sensors.c
 
Building target: Flight_Computer_Core.elf
Invoking: GNU ARM Cross C++ Linker
arm-none-eabi-g++ -mcpu=cortex-m4 -mthumb -mfloat-abi=soft -Og -fmessage-length=0 -fsigned-char -ffunction-sections -fdata-sections -ffreestanding -fno-move-loop-invariants -Wall -Wextra  -g3 -T mem.ld -T libs.ld -T sections.ld -nostartfiles -Xlinker --gc-sections -L"../ldscripts" -Wl,-Map,"Flight_Computer_Core.map" -o "Flight_Computer_Core.elf"  ./system/Src/stm32f4-hal/stm32f4xx_hal.o ./system/Src/stm32f4-hal/stm32f4xx_hal_adc.o ./system/Src/stm32f4-hal/stm32f4xx_hal_cortex.o ./system/Src/stm32f4-hal/stm32f4xx_hal_dfsdm.o ./system/Src/stm32f4-hal/stm32f4xx_hal_dma.o ./system/Src/stm32f4-hal/stm32f4xx_hal_flash.o ./system/Src/stm32f4-hal/stm32f4xx_hal_gpio.o ./system/Src/stm32f4-hal/stm32f4xx_hal_iwdg.o ./system/Src/stm32f4-hal/stm32f4xx_hal_pwr.o ./system/Src/stm32f4-hal/stm32f4xx_hal_pwr_ex.o ./system/Src/stm32f4-hal/stm32f4xx_hal_rcc.o ./system/Src/stm32f4-hal/stm32f4xx_hal_spi.o ./system/Src/stm32f4-hal/stm32f4xx_hal_tim.o ./system/Src/stm32f4-hal/stm32f4xx_hal_uart.o  ./system/Src/newlib/_cxx.o ./system/Src/newlib/_exit.o ./system/Src/newlib/_sbrk.o ./system/Src/newlib/_startup.o ./system/Src/newlib/_syscalls.o ./system/Src/newlib/assert.o  ./system/Src/diag/Trace.o ./system/Src/diag/trace_impl.o  ./system/Src/cortexm/_initialize_hardware.o ./system/Src/cortexm/_reset_hardware.o ./system/Src/cortexm/exception_handlers.o  ./system/Src/cmsis/vectors_stm32f446xx.o  ./Src/_initialize_hardware.o ./Src/_write.o ./Src/commandline.o ./Src/flash.o ./Src/main.o ./Src/sensors.o ./Src/stm32f4xx_hal_msp.o ./Src/stm32f4xx_it.o ./Src/system_stm32f4xx.o   
Finished building target: Flight_Computer_Core.elf
 
Invoking: GNU ARM Cross Create Flash Image
arm-none-eabi-objcopy -O ihex "Flight_Computer_Core.elf"  "Flight_Computer_Core.hex"
Finished building: Flight_Computer_Core.hex
 
Invoking: GNU ARM Cross Print Size
arm-none-eabi-size --format=berkeley "Flight_Computer_Core.elf"
   text	   data	    bss	    dec	    hex	filename
  34456	   2224	    900	  37580	   92cc	Flight_Computer_Core.elf
Finished building: Flight_Computer_Core.siz
 
02:31:06 **** Incremental Build of configuration Debug for project Flight_Computer_Core ****
make all 
Building file: ../Src/sensors.c
Invoking: GNU ARM Cross C Compiler
arm-none-eabi-gcc -mcpu=cortex-m4 -mthumb -mfloat-abi=soft -Og -fmessage-length=0 -fsigned-char -ffunction-sections -fdata-sections -ffreestanding -fno-move-loop-invariants -Wall -Wextra  -g3 -DDEBUG -DUSE_FULL_ASSERT -DTRACE -DOS_USE_TRACE_ITM -DSTM32F446xx -DUSE_HAL_DRIVER -DHSE_VALUE=24000000 -I"../Inc" -I"../system/Inc" -I"../system/Inc/cmsis" -I"../system/Inc/stm32f4-hal" -std=gnu11 -MMD -MP -MF"Src/sensors.d" -MT"Src/sensors.o" -c -o "Src/sensors.o" "../Src/sensors.c"
../Src/sensors.c:71:1: warning: return type defaults to 'int' [-Wimplicit-int]
 init_gyros(void){
 ^
../Src/sensors.c:71:1: warning: conflicting types for 'init_gyros'
In file included from ../Src/sensors.c:11:0:
../Src/sensors.h:35:6: note: previous declaration of 'init_gyros' was here
 void init_gyros(void);
      ^
../Src/sensors.c: In function 'test_gyros':
../Src/sensors.c:119:36: warning: implicit declaration of function 'strlen' [-Wimplicit-function-declaration]
   HAL_UART_Transmit(&huart1, data, strlen(data), 0xff);
                                    ^
../Src/sensors.c:134:14: warning: pointer targets in passing argument 1 of 'snprintf' differ in signedness [-Wpointer-sign]
     snprintf(data, 100, "%d %d %d\r\n", avg_x, avg_y, avg_z);
              ^
In file included from c:\program files (x86)\gnu tools arm embedded\5.4 2016q2\arm-none-eabi\include\stdio.h:29:0,
                 from ../system/Inc/stm32f4-hal/stm32f4xx_hal_def.h:50,
                 from ../system/Inc/stm32f4-hal/stm32f4xx_hal_rcc.h:47,
                 from ../Inc/stm32f4xx_hal_conf.h:244,
                 from ../system/Inc/stm32f4-hal/stm32f4xx_hal.h:48,
                 from ../Src/sensors.c:10:
c:\program files (x86)\gnu tools arm embedded\5.4 2016q2\arm-none-eabi\include\stdio.h:253:5: note: expected 'char * restrict' but argument is of type 'uint8_t * {aka unsigned char *}'
 int _EXFUN(snprintf, (char *__restrict, size_t, const char *__restrict, ...)
     ^
../Src/sensors.c: In function 'test_accel':
../Src/sensors.c:196:16: warning: pointer targets in passing argument 1 of 'snprintf' differ in signedness [-Wpointer-sign]
       snprintf(data, 100, "%.3f %.3f %.3f\r\n", temp1, temp2, temp3); //X Y Z
                ^
In file included from c:\program files (x86)\gnu tools arm embedded\5.4 2016q2\arm-none-eabi\include\stdio.h:29:0,
                 from ../system/Inc/stm32f4-hal/stm32f4xx_hal_def.h:50,
                 from ../system/Inc/stm32f4-hal/stm32f4xx_hal_rcc.h:47,
                 from ../Inc/stm32f4xx_hal_conf.h:244,
                 from ../system/Inc/stm32f4-hal/stm32f4xx_hal.h:48,
                 from ../Src/sensors.c:10:
c:\program files (x86)\gnu tools arm embedded\5.4 2016q2\arm-none-eabi\include\stdio.h:253:5: note: expected 'char * restrict' but argument is of type 'uint8_t * {aka unsigned char *}'
 int _EXFUN(snprintf, (char *__restrict, size_t, const char *__restrict, ...)
     ^
../Src/sensors.c: In function 'conv_pres_baro':
../Src/sensors.c:299:15: warning: variable 'TEMP' set but not used [-Wunused-but-set-variable]
   int32_t dT, TEMP;
               ^
Finished building: ../Src/sensors.c
 
Building target: Flight_Computer_Core.elf
Invoking: GNU ARM Cross C++ Linker
arm-none-eabi-g++ -mcpu=cortex-m4 -mthumb -mfloat-abi=soft -Og -fmessage-length=0 -fsigned-char -ffunction-sections -fdata-sections -ffreestanding -fno-move-loop-invariants -Wall -Wextra  -g3 -T mem.ld -T libs.ld -T sections.ld -nostartfiles -Xlinker --gc-sections -L"../ldscripts" -Wl,-Map,"Flight_Computer_Core.map" -o "Flight_Computer_Core.elf"  ./system/Src/stm32f4-hal/stm32f4xx_hal.o ./system/Src/stm32f4-hal/stm32f4xx_hal_adc.o ./system/Src/stm32f4-hal/stm32f4xx_hal_cortex.o ./system/Src/stm32f4-hal/stm32f4xx_hal_dfsdm.o ./system/Src/stm32f4-hal/stm32f4xx_hal_dma.o ./system/Src/stm32f4-hal/stm32f4xx_hal_flash.o ./system/Src/stm32f4-hal/stm32f4xx_hal_gpio.o ./system/Src/stm32f4-hal/stm32f4xx_hal_iwdg.o ./system/Src/stm32f4-hal/stm32f4xx_hal_pwr.o ./system/Src/stm32f4-hal/stm32f4xx_hal_pwr_ex.o ./system/Src/stm32f4-hal/stm32f4xx_hal_rcc.o ./system/Src/stm32f4-hal/stm32f4xx_hal_spi.o ./system/Src/stm32f4-hal/stm32f4xx_hal_tim.o ./system/Src/stm32f4-hal/stm32f4xx_hal_uart.o  ./system/Src/newlib/_cxx.o ./system/Src/newlib/_exit.o ./system/Src/newlib/_sbrk.o ./system/Src/newlib/_startup.o ./system/Src/newlib/_syscalls.o ./system/Src/newlib/assert.o  ./system/Src/diag/Trace.o ./system/Src/diag/trace_impl.o  ./system/Src/cortexm/_initialize_hardware.o ./system/Src/cortexm/_reset_hardware.o ./system/Src/cortexm/exception_handlers.o  ./system/Src/cmsis/vectors_stm32f446xx.o  ./Src/_initialize_hardware.o ./Src/_write.o ./Src/commandline.o ./Src/flash.o ./Src/main.o ./Src/sensors.o ./Src/stm32f4xx_hal_msp.o ./Src/stm32f4xx_it.o ./Src/system_stm32f4xx.o   
Finished building target: Flight_Computer_Core.elf
 
Invoking: GNU ARM Cross Create Flash Image
arm-none-eabi-objcopy -O ihex "Flight_Computer_Core.elf"  "Flight_Computer_Core.hex"
Finished building: Flight_Computer_Core.hex
 
Invoking: GNU ARM Cross Print Size
arm-none-eabi-size --format=berkeley "Flight_Computer_Core.elf"
   text	   data	    bss	    dec	    hex	filename
  34456	   2224	    900	  37580	   92cc	Flight_Computer_Core.elf
Finished building: Flight_Computer_Core.siz
 
02:41:22 **** Incremental Build of configuration Debug for project Flight_Computer_Core ****
make all 
Building file: ../Src/sensors.c
Invoking: GNU ARM Cross C Compiler
arm-none-eabi-gcc -mcpu=cortex-m4 -mthumb -mfloat-abi=soft -Og -fmessage-length=0 -fsigned-char -ffunction-sections -fdata-sections -ffreestanding -fno-move-loop-invariants -Wall -Wextra  -g3 -DDEBUG -DUSE_FULL_ASSERT -DTRACE -DOS_USE_TRACE_ITM -DSTM32F446xx -DUSE_HAL_DRIVER -DHSE_VALUE=24000000 -I"../Inc" -I"../system/Inc" -I"../system/Inc/cmsis" -I"../system/Inc/stm32f4-hal" -std=gnu11 -MMD -MP -MF"Src/sensors.d" -MT"Src/sensors.o" -c -o "Src/sensors.o" "../Src/sensors.c"
../Src/sensors.c:71:1: warning: return type defaults to 'int' [-Wimplicit-int]
 init_gyros(void){
 ^
../Src/sensors.c:71:1: warning: conflicting types for 'init_gyros'
In file included from ../Src/sensors.c:11:0:
../Src/sensors.h:35:6: note: previous declaration of 'init_gyros' was here
 void init_gyros(void);
      ^
../Src/sensors.c: In function 'test_gyros':
../Src/sensors.c:119:36: warning: implicit declaration of function 'strlen' [-Wimplicit-function-declaration]
   HAL_UART_Transmit(&huart1, data, strlen(data), 0xff);
                                    ^
../Src/sensors.c:134:14: warning: pointer targets in passing argument 1 of 'snprintf' differ in signedness [-Wpointer-sign]
     snprintf(data, 100, "%d %d %d\r\n", avg_x, avg_y, avg_z);
              ^
In file included from c:\program files (x86)\gnu tools arm embedded\5.4 2016q2\arm-none-eabi\include\stdio.h:29:0,
                 from ../system/Inc/stm32f4-hal/stm32f4xx_hal_def.h:50,
                 from ../system/Inc/stm32f4-hal/stm32f4xx_hal_rcc.h:47,
                 from ../Inc/stm32f4xx_hal_conf.h:244,
                 from ../system/Inc/stm32f4-hal/stm32f4xx_hal.h:48,
                 from ../Src/sensors.c:10:
c:\program files (x86)\gnu tools arm embedded\5.4 2016q2\arm-none-eabi\include\stdio.h:253:5: note: expected 'char * restrict' but argument is of type 'uint8_t * {aka unsigned char *}'
 int _EXFUN(snprintf, (char *__restrict, size_t, const char *__restrict, ...)
     ^
../Src/sensors.c: In function 'test_accel':
../Src/sensors.c:196:16: warning: pointer targets in passing argument 1 of 'snprintf' differ in signedness [-Wpointer-sign]
       snprintf(data, 100, "%.3f %.3f %.3f\r\n", temp1, temp2, temp3); //X Y Z
                ^
In file included from c:\program files (x86)\gnu tools arm embedded\5.4 2016q2\arm-none-eabi\include\stdio.h:29:0,
                 from ../system/Inc/stm32f4-hal/stm32f4xx_hal_def.h:50,
                 from ../system/Inc/stm32f4-hal/stm32f4xx_hal_rcc.h:47,
                 from ../Inc/stm32f4xx_hal_conf.h:244,
                 from ../system/Inc/stm32f4-hal/stm32f4xx_hal.h:48,
                 from ../Src/sensors.c:10:
c:\program files (x86)\gnu tools arm embedded\5.4 2016q2\arm-none-eabi\include\stdio.h:253:5: note: expected 'char * restrict' but argument is of type 'uint8_t * {aka unsigned char *}'
 int _EXFUN(snprintf, (char *__restrict, size_t, const char *__restrict, ...)
     ^
../Src/sensors.c: In function 'conv_pres_baro':
../Src/sensors.c:299:15: warning: variable 'TEMP' set but not used [-Wunused-but-set-variable]
   int32_t dT, TEMP;
               ^
Finished building: ../Src/sensors.c
 
Building target: Flight_Computer_Core.elf
Invoking: GNU ARM Cross C++ Linker
arm-none-eabi-g++ -mcpu=cortex-m4 -mthumb -mfloat-abi=soft -Og -fmessage-length=0 -fsigned-char -ffunction-sections -fdata-sections -ffreestanding -fno-move-loop-invariants -Wall -Wextra  -g3 -T mem.ld -T libs.ld -T sections.ld -nostartfiles -Xlinker --gc-sections -L"../ldscripts" -Wl,-Map,"Flight_Computer_Core.map" -o "Flight_Computer_Core.elf"  ./system/Src/stm32f4-hal/stm32f4xx_hal.o ./system/Src/stm32f4-hal/stm32f4xx_hal_adc.o ./system/Src/stm32f4-hal/stm32f4xx_hal_cortex.o ./system/Src/stm32f4-hal/stm32f4xx_hal_dfsdm.o ./system/Src/stm32f4-hal/stm32f4xx_hal_dma.o ./system/Src/stm32f4-hal/stm32f4xx_hal_flash.o ./system/Src/stm32f4-hal/stm32f4xx_hal_gpio.o ./system/Src/stm32f4-hal/stm32f4xx_hal_iwdg.o ./system/Src/stm32f4-hal/stm32f4xx_hal_pwr.o ./system/Src/stm32f4-hal/stm32f4xx_hal_pwr_ex.o ./system/Src/stm32f4-hal/stm32f4xx_hal_rcc.o ./system/Src/stm32f4-hal/stm32f4xx_hal_spi.o ./system/Src/stm32f4-hal/stm32f4xx_hal_tim.o ./system/Src/stm32f4-hal/stm32f4xx_hal_uart.o  ./system/Src/newlib/_cxx.o ./system/Src/newlib/_exit.o ./system/Src/newlib/_sbrk.o ./system/Src/newlib/_startup.o ./system/Src/newlib/_syscalls.o ./system/Src/newlib/assert.o  ./system/Src/diag/Trace.o ./system/Src/diag/trace_impl.o  ./system/Src/cortexm/_initialize_hardware.o ./system/Src/cortexm/_reset_hardware.o ./system/Src/cortexm/exception_handlers.o  ./system/Src/cmsis/vectors_stm32f446xx.o  ./Src/_initialize_hardware.o ./Src/_write.o ./Src/commandline.o ./Src/flash.o ./Src/main.o ./Src/sensors.o ./Src/stm32f4xx_hal_msp.o ./Src/stm32f4xx_it.o ./Src/system_stm32f4xx.o   
Finished building target: Flight_Computer_Core.elf
 
Invoking: GNU ARM Cross Create Flash Image
arm-none-eabi-objcopy -O ihex "Flight_Computer_Core.elf"  "Flight_Computer_Core.hex"
Finished building: Flight_Computer_Core.hex
 
Invoking: GNU ARM Cross Print Size
arm-none-eabi-size --format=berkeley "Flight_Computer_Core.elf"
   text	   data	    bss	    dec	    hex	filename
  34456	   2224	    900	  37580	   92cc	Flight_Computer_Core.elf
Finished building: Flight_Computer_Core.siz
 
02:42:18 **** Incremental Build of configuration Debug for project Flight_Computer_Core ****
make all 
Building file: ../Src/sensors.c
Invoking: GNU ARM Cross C Compiler
arm-none-eabi-gcc -mcpu=cortex-m4 -mthumb -mfloat-abi=soft -Og -fmessage-length=0 -fsigned-char -ffunction-sections -fdata-sections -ffreestanding -fno-move-loop-invariants -Wall -Wextra  -g3 -DDEBUG -DUSE_FULL_ASSERT -DTRACE -DOS_USE_TRACE_ITM -DSTM32F446xx -DUSE_HAL_DRIVER -DHSE_VALUE=24000000 -I"../Inc" -I"../system/Inc" -I"../system/Inc/cmsis" -I"../system/Inc/stm32f4-hal" -std=gnu11 -MMD -MP -MF"Src/sensors.d" -MT"Src/sensors.o" -c -o "Src/sensors.o" "../Src/sensors.c"
../Src/sensors.c:71:1: warning: return type defaults to 'int' [-Wimplicit-int]
 init_gyros(void){
 ^
../Src/sensors.c:71:1: warning: conflicting types for 'init_gyros'
In file included from ../Src/sensors.c:11:0:
../Src/sensors.h:35:6: note: previous declaration of 'init_gyros' was here
 void init_gyros(void);
      ^
../Src/sensors.c: In function 'test_gyros':
../Src/sensors.c:119:36: warning: implicit declaration of function 'strlen' [-Wimplicit-function-declaration]
   HAL_UART_Transmit(&huart1, data, strlen(data), 0xff);
                                    ^
../Src/sensors.c:134:14: warning: pointer targets in passing argument 1 of 'snprintf' differ in signedness [-Wpointer-sign]
     snprintf(data, 100, "%d %d %d\r\n", avg_x, avg_y, avg_z);
              ^
In file included from c:\program files (x86)\gnu tools arm embedded\5.4 2016q2\arm-none-eabi\include\stdio.h:29:0,
                 from ../system/Inc/stm32f4-hal/stm32f4xx_hal_def.h:50,
                 from ../system/Inc/stm32f4-hal/stm32f4xx_hal_rcc.h:47,
                 from ../Inc/stm32f4xx_hal_conf.h:244,
                 from ../system/Inc/stm32f4-hal/stm32f4xx_hal.h:48,
                 from ../Src/sensors.c:10:
c:\program files (x86)\gnu tools arm embedded\5.4 2016q2\arm-none-eabi\include\stdio.h:253:5: note: expected 'char * restrict' but argument is of type 'uint8_t * {aka unsigned char *}'
 int _EXFUN(snprintf, (char *__restrict, size_t, const char *__restrict, ...)
     ^
../Src/sensors.c: In function 'test_accel':
../Src/sensors.c:196:16: warning: pointer targets in passing argument 1 of 'snprintf' differ in signedness [-Wpointer-sign]
       snprintf(data, 100, "%.3f %.3f %.3f\r\n", temp1, temp2, temp3); //X Y Z
                ^
In file included from c:\program files (x86)\gnu tools arm embedded\5.4 2016q2\arm-none-eabi\include\stdio.h:29:0,
                 from ../system/Inc/stm32f4-hal/stm32f4xx_hal_def.h:50,
                 from ../system/Inc/stm32f4-hal/stm32f4xx_hal_rcc.h:47,
                 from ../Inc/stm32f4xx_hal_conf.h:244,
                 from ../system/Inc/stm32f4-hal/stm32f4xx_hal.h:48,
                 from ../Src/sensors.c:10:
c:\program files (x86)\gnu tools arm embedded\5.4 2016q2\arm-none-eabi\include\stdio.h:253:5: note: expected 'char * restrict' but argument is of type 'uint8_t * {aka unsigned char *}'
 int _EXFUN(snprintf, (char *__restrict, size_t, const char *__restrict, ...)
     ^
../Src/sensors.c: In function 'conv_pres_baro':
../Src/sensors.c:299:15: warning: variable 'TEMP' set but not used [-Wunused-but-set-variable]
   int64_t dT, TEMP;
               ^
Finished building: ../Src/sensors.c
 
Building target: Flight_Computer_Core.elf
Invoking: GNU ARM Cross C++ Linker
arm-none-eabi-g++ -mcpu=cortex-m4 -mthumb -mfloat-abi=soft -Og -fmessage-length=0 -fsigned-char -ffunction-sections -fdata-sections -ffreestanding -fno-move-loop-invariants -Wall -Wextra  -g3 -T mem.ld -T libs.ld -T sections.ld -nostartfiles -Xlinker --gc-sections -L"../ldscripts" -Wl,-Map,"Flight_Computer_Core.map" -o "Flight_Computer_Core.elf"  ./system/Src/stm32f4-hal/stm32f4xx_hal.o ./system/Src/stm32f4-hal/stm32f4xx_hal_adc.o ./system/Src/stm32f4-hal/stm32f4xx_hal_cortex.o ./system/Src/stm32f4-hal/stm32f4xx_hal_dfsdm.o ./system/Src/stm32f4-hal/stm32f4xx_hal_dma.o ./system/Src/stm32f4-hal/stm32f4xx_hal_flash.o ./system/Src/stm32f4-hal/stm32f4xx_hal_gpio.o ./system/Src/stm32f4-hal/stm32f4xx_hal_iwdg.o ./system/Src/stm32f4-hal/stm32f4xx_hal_pwr.o ./system/Src/stm32f4-hal/stm32f4xx_hal_pwr_ex.o ./system/Src/stm32f4-hal/stm32f4xx_hal_rcc.o ./system/Src/stm32f4-hal/stm32f4xx_hal_spi.o ./system/Src/stm32f4-hal/stm32f4xx_hal_tim.o ./system/Src/stm32f4-hal/stm32f4xx_hal_uart.o  ./system/Src/newlib/_cxx.o ./system/Src/newlib/_exit.o ./system/Src/newlib/_sbrk.o ./system/Src/newlib/_startup.o ./system/Src/newlib/_syscalls.o ./system/Src/newlib/assert.o  ./system/Src/diag/Trace.o ./system/Src/diag/trace_impl.o  ./system/Src/cortexm/_initialize_hardware.o ./system/Src/cortexm/_reset_hardware.o ./system/Src/cortexm/exception_handlers.o  ./system/Src/cmsis/vectors_stm32f446xx.o  ./Src/_initialize_hardware.o ./Src/_write.o ./Src/commandline.o ./Src/flash.o ./Src/main.o ./Src/sensors.o ./Src/stm32f4xx_hal_msp.o ./Src/stm32f4xx_it.o ./Src/system_stm32f4xx.o   
Finished building target: Flight_Computer_Core.elf
 
Invoking: GNU ARM Cross Create Flash Image
arm-none-eabi-objcopy -O ihex "Flight_Computer_Core.elf"  "Flight_Computer_Core.hex"
Finished building: Flight_Computer_Core.hex
 
Invoking: GNU ARM Cross Print Size
arm-none-eabi-size --format=berkeley "Flight_Computer_Core.elf"
   text	   data	    bss	    dec	    hex	filename
  34520	   2224	    900	  37644	   930c	Flight_Computer_Core.elf
Finished building: Flight_Computer_Core.siz
 
02:43:10 **** Incremental Build of configuration Debug for project Flight_Computer_Core ****
make all 
Building file: ../Src/sensors.c
Invoking: GNU ARM Cross C Compiler
arm-none-eabi-gcc -mcpu=cortex-m4 -mthumb -mfloat-abi=soft -Og -fmessage-length=0 -fsigned-char -ffunction-sections -fdata-sections -ffreestanding -fno-move-loop-invariants -Wall -Wextra  -g3 -DDEBUG -DUSE_FULL_ASSERT -DTRACE -DOS_USE_TRACE_ITM -DSTM32F446xx -DUSE_HAL_DRIVER -DHSE_VALUE=24000000 -I"../Inc" -I"../system/Inc" -I"../system/Inc/cmsis" -I"../system/Inc/stm32f4-hal" -std=gnu11 -MMD -MP -MF"Src/sensors.d" -MT"Src/sensors.o" -c -o "Src/sensors.o" "../Src/sensors.c"
../Src/sensors.c:71:1: warning: return type defaults to 'int' [-Wimplicit-int]
 init_gyros(void){
 ^
../Src/sensors.c:71:1: warning: conflicting types for 'init_gyros'
In file included from ../Src/sensors.c:11:0:
../Src/sensors.h:35:6: note: previous declaration of 'init_gyros' was here
 void init_gyros(void);
      ^
../Src/sensors.c: In function 'test_gyros':
../Src/sensors.c:119:36: warning: implicit declaration of function 'strlen' [-Wimplicit-function-declaration]
   HAL_UART_Transmit(&huart1, data, strlen(data), 0xff);
                                    ^
../Src/sensors.c:134:14: warning: pointer targets in passing argument 1 of 'snprintf' differ in signedness [-Wpointer-sign]
     snprintf(data, 100, "%d %d %d\r\n", avg_x, avg_y, avg_z);
              ^
In file included from c:\program files (x86)\gnu tools arm embedded\5.4 2016q2\arm-none-eabi\include\stdio.h:29:0,
                 from ../system/Inc/stm32f4-hal/stm32f4xx_hal_def.h:50,
                 from ../system/Inc/stm32f4-hal/stm32f4xx_hal_rcc.h:47,
                 from ../Inc/stm32f4xx_hal_conf.h:244,
                 from ../system/Inc/stm32f4-hal/stm32f4xx_hal.h:48,
                 from ../Src/sensors.c:10:
c:\program files (x86)\gnu tools arm embedded\5.4 2016q2\arm-none-eabi\include\stdio.h:253:5: note: expected 'char * restrict' but argument is of type 'uint8_t * {aka unsigned char *}'
 int _EXFUN(snprintf, (char *__restrict, size_t, const char *__restrict, ...)
     ^
../Src/sensors.c: In function 'test_accel':
../Src/sensors.c:196:16: warning: pointer targets in passing argument 1 of 'snprintf' differ in signedness [-Wpointer-sign]
       snprintf(data, 100, "%.3f %.3f %.3f\r\n", temp1, temp2, temp3); //X Y Z
                ^
In file included from c:\program files (x86)\gnu tools arm embedded\5.4 2016q2\arm-none-eabi\include\stdio.h:29:0,
                 from ../system/Inc/stm32f4-hal/stm32f4xx_hal_def.h:50,
                 from ../system/Inc/stm32f4-hal/stm32f4xx_hal_rcc.h:47,
                 from ../Inc/stm32f4xx_hal_conf.h:244,
                 from ../system/Inc/stm32f4-hal/stm32f4xx_hal.h:48,
                 from ../Src/sensors.c:10:
c:\program files (x86)\gnu tools arm embedded\5.4 2016q2\arm-none-eabi\include\stdio.h:253:5: note: expected 'char * restrict' but argument is of type 'uint8_t * {aka unsigned char *}'
 int _EXFUN(snprintf, (char *__restrict, size_t, const char *__restrict, ...)
     ^
../Src/sensors.c: In function 'conv_pres_baro':
../Src/sensors.c:299:24: warning: variable 'TEMP' set but not used [-Wunused-but-set-variable]
   volatile int64_t dT, TEMP;
                        ^
Finished building: ../Src/sensors.c
 
Building target: Flight_Computer_Core.elf
Invoking: GNU ARM Cross C++ Linker
arm-none-eabi-g++ -mcpu=cortex-m4 -mthumb -mfloat-abi=soft -Og -fmessage-length=0 -fsigned-char -ffunction-sections -fdata-sections -ffreestanding -fno-move-loop-invariants -Wall -Wextra  -g3 -T mem.ld -T libs.ld -T sections.ld -nostartfiles -Xlinker --gc-sections -L"../ldscripts" -Wl,-Map,"Flight_Computer_Core.map" -o "Flight_Computer_Core.elf"  ./system/Src/stm32f4-hal/stm32f4xx_hal.o ./system/Src/stm32f4-hal/stm32f4xx_hal_adc.o ./system/Src/stm32f4-hal/stm32f4xx_hal_cortex.o ./system/Src/stm32f4-hal/stm32f4xx_hal_dfsdm.o ./system/Src/stm32f4-hal/stm32f4xx_hal_dma.o ./system/Src/stm32f4-hal/stm32f4xx_hal_flash.o ./system/Src/stm32f4-hal/stm32f4xx_hal_gpio.o ./system/Src/stm32f4-hal/stm32f4xx_hal_iwdg.o ./system/Src/stm32f4-hal/stm32f4xx_hal_pwr.o ./system/Src/stm32f4-hal/stm32f4xx_hal_pwr_ex.o ./system/Src/stm32f4-hal/stm32f4xx_hal_rcc.o ./system/Src/stm32f4-hal/stm32f4xx_hal_spi.o ./system/Src/stm32f4-hal/stm32f4xx_hal_tim.o ./system/Src/stm32f4-hal/stm32f4xx_hal_uart.o  ./system/Src/newlib/_cxx.o ./system/Src/newlib/_exit.o ./system/Src/newlib/_sbrk.o ./system/Src/newlib/_startup.o ./system/Src/newlib/_syscalls.o ./system/Src/newlib/assert.o  ./system/Src/diag/Trace.o ./system/Src/diag/trace_impl.o  ./system/Src/cortexm/_initialize_hardware.o ./system/Src/cortexm/_reset_hardware.o ./system/Src/cortexm/exception_handlers.o  ./system/Src/cmsis/vectors_stm32f446xx.o  ./Src/_initialize_hardware.o ./Src/_write.o ./Src/commandline.o ./Src/flash.o ./Src/main.o ./Src/sensors.o ./Src/stm32f4xx_hal_msp.o ./Src/stm32f4xx_it.o ./Src/system_stm32f4xx.o   
Finished building target: Flight_Computer_Core.elf
 
Invoking: GNU ARM Cross Create Flash Image
arm-none-eabi-objcopy -O ihex "Flight_Computer_Core.elf"  "Flight_Computer_Core.hex"
Finished building: Flight_Computer_Core.hex
 
Invoking: GNU ARM Cross Print Size
arm-none-eabi-size --format=berkeley "Flight_Computer_Core.elf"
   text	   data	    bss	    dec	    hex	filename
  34584	   2224	    900	  37708	   934c	Flight_Computer_Core.elf
Finished building: Flight_Computer_Core.siz
 
02:43:40 **** Incremental Build of configuration Debug for project Flight_Computer_Core ****
make all 
Building file: ../Src/sensors.c
Invoking: GNU ARM Cross C Compiler
arm-none-eabi-gcc -mcpu=cortex-m4 -mthumb -mfloat-abi=soft -Og -fmessage-length=0 -fsigned-char -ffunction-sections -fdata-sections -ffreestanding -fno-move-loop-invariants -Wall -Wextra  -g3 -DDEBUG -DUSE_FULL_ASSERT -DTRACE -DOS_USE_TRACE_ITM -DSTM32F446xx -DUSE_HAL_DRIVER -DHSE_VALUE=24000000 -I"../Inc" -I"../system/Inc" -I"../system/Inc/cmsis" -I"../system/Inc/stm32f4-hal" -std=gnu11 -MMD -MP -MF"Src/sensors.d" -MT"Src/sensors.o" -c -o "Src/sensors.o" "../Src/sensors.c"
../Src/sensors.c:71:1: warning: return type defaults to 'int' [-Wimplicit-int]
 init_gyros(void){
 ^
../Src/sensors.c:71:1: warning: conflicting types for 'init_gyros'
In file included from ../Src/sensors.c:11:0:
../Src/sensors.h:35:6: note: previous declaration of 'init_gyros' was here
 void init_gyros(void);
      ^
../Src/sensors.c: In function 'test_gyros':
../Src/sensors.c:119:36: warning: implicit declaration of function 'strlen' [-Wimplicit-function-declaration]
   HAL_UART_Transmit(&huart1, data, strlen(data), 0xff);
                                    ^
../Src/sensors.c:134:14: warning: pointer targets in passing argument 1 of 'snprintf' differ in signedness [-Wpointer-sign]
     snprintf(data, 100, "%d %d %d\r\n", avg_x, avg_y, avg_z);
              ^
In file included from c:\program files (x86)\gnu tools arm embedded\5.4 2016q2\arm-none-eabi\include\stdio.h:29:0,
                 from ../system/Inc/stm32f4-hal/stm32f4xx_hal_def.h:50,
                 from ../system/Inc/stm32f4-hal/stm32f4xx_hal_rcc.h:47,
                 from ../Inc/stm32f4xx_hal_conf.h:244,
                 from ../system/Inc/stm32f4-hal/stm32f4xx_hal.h:48,
                 from ../Src/sensors.c:10:
c:\program files (x86)\gnu tools arm embedded\5.4 2016q2\arm-none-eabi\include\stdio.h:253:5: note: expected 'char * restrict' but argument is of type 'uint8_t * {aka unsigned char *}'
 int _EXFUN(snprintf, (char *__restrict, size_t, const char *__restrict, ...)
     ^
../Src/sensors.c: In function 'test_accel':
../Src/sensors.c:196:16: warning: pointer targets in passing argument 1 of 'snprintf' differ in signedness [-Wpointer-sign]
       snprintf(data, 100, "%.3f %.3f %.3f\r\n", temp1, temp2, temp3); //X Y Z
                ^
In file included from c:\program files (x86)\gnu tools arm embedded\5.4 2016q2\arm-none-eabi\include\stdio.h:29:0,
                 from ../system/Inc/stm32f4-hal/stm32f4xx_hal_def.h:50,
                 from ../system/Inc/stm32f4-hal/stm32f4xx_hal_rcc.h:47,
                 from ../Inc/stm32f4xx_hal_conf.h:244,
                 from ../system/Inc/stm32f4-hal/stm32f4xx_hal.h:48,
                 from ../Src/sensors.c:10:
c:\program files (x86)\gnu tools arm embedded\5.4 2016q2\arm-none-eabi\include\stdio.h:253:5: note: expected 'char * restrict' but argument is of type 'uint8_t * {aka unsigned char *}'
 int _EXFUN(snprintf, (char *__restrict, size_t, const char *__restrict, ...)
     ^
../Src/sensors.c: In function 'conv_pres_baro':
../Src/sensors.c:299:24: warning: variable 'TEMP' set but not used [-Wunused-but-set-variable]
   volatile int32_t dT, TEMP;
                        ^
Finished building: ../Src/sensors.c
 
Building target: Flight_Computer_Core.elf
Invoking: GNU ARM Cross C++ Linker
arm-none-eabi-g++ -mcpu=cortex-m4 -mthumb -mfloat-abi=soft -Og -fmessage-length=0 -fsigned-char -ffunction-sections -fdata-sections -ffreestanding -fno-move-loop-invariants -Wall -Wextra  -g3 -T mem.ld -T libs.ld -T sections.ld -nostartfiles -Xlinker --gc-sections -L"../ldscripts" -Wl,-Map,"Flight_Computer_Core.map" -o "Flight_Computer_Core.elf"  ./system/Src/stm32f4-hal/stm32f4xx_hal.o ./system/Src/stm32f4-hal/stm32f4xx_hal_adc.o ./system/Src/stm32f4-hal/stm32f4xx_hal_cortex.o ./system/Src/stm32f4-hal/stm32f4xx_hal_dfsdm.o ./system/Src/stm32f4-hal/stm32f4xx_hal_dma.o ./system/Src/stm32f4-hal/stm32f4xx_hal_flash.o ./system/Src/stm32f4-hal/stm32f4xx_hal_gpio.o ./system/Src/stm32f4-hal/stm32f4xx_hal_iwdg.o ./system/Src/stm32f4-hal/stm32f4xx_hal_pwr.o ./system/Src/stm32f4-hal/stm32f4xx_hal_pwr_ex.o ./system/Src/stm32f4-hal/stm32f4xx_hal_rcc.o ./system/Src/stm32f4-hal/stm32f4xx_hal_spi.o ./system/Src/stm32f4-hal/stm32f4xx_hal_tim.o ./system/Src/stm32f4-hal/stm32f4xx_hal_uart.o  ./system/Src/newlib/_cxx.o ./system/Src/newlib/_exit.o ./system/Src/newlib/_sbrk.o ./system/Src/newlib/_startup.o ./system/Src/newlib/_syscalls.o ./system/Src/newlib/assert.o  ./system/Src/diag/Trace.o ./system/Src/diag/trace_impl.o  ./system/Src/cortexm/_initialize_hardware.o ./system/Src/cortexm/_reset_hardware.o ./system/Src/cortexm/exception_handlers.o  ./system/Src/cmsis/vectors_stm32f446xx.o  ./Src/_initialize_hardware.o ./Src/_write.o ./Src/commandline.o ./Src/flash.o ./Src/main.o ./Src/sensors.o ./Src/stm32f4xx_hal_msp.o ./Src/stm32f4xx_it.o ./Src/system_stm32f4xx.o   
Finished building target: Flight_Computer_Core.elf
 
Invoking: GNU ARM Cross Create Flash Image
arm-none-eabi-objcopy -O ihex "Flight_Computer_Core.elf"  "Flight_Computer_Core.hex"
Finished building: Flight_Computer_Core.hex
 
Invoking: GNU ARM Cross Print Size
arm-none-eabi-size --format=berkeley "Flight_Computer_Core.elf"
   text	   data	    bss	    dec	    hex	filename
  34520	   2224	    900	  37644	   930c	Flight_Computer_Core.elf
Finished building: Flight_Computer_Core.siz
 
02:45:01 **** Incremental Build of configuration Debug for project Flight_Computer_Core ****
make all 
Building file: ../Src/sensors.c
Invoking: GNU ARM Cross C Compiler
arm-none-eabi-gcc -mcpu=cortex-m4 -mthumb -mfloat-abi=soft -Og -fmessage-length=0 -fsigned-char -ffunction-sections -fdata-sections -ffreestanding -fno-move-loop-invariants -Wall -Wextra  -g3 -DDEBUG -DUSE_FULL_ASSERT -DTRACE -DOS_USE_TRACE_ITM -DSTM32F446xx -DUSE_HAL_DRIVER -DHSE_VALUE=24000000 -I"../Inc" -I"../system/Inc" -I"../system/Inc/cmsis" -I"../system/Inc/stm32f4-hal" -std=gnu11 -MMD -MP -MF"Src/sensors.d" -MT"Src/sensors.o" -c -o "Src/sensors.o" "../Src/sensors.c"
../Src/sensors.c:71:1: warning: return type defaults to 'int' [-Wimplicit-int]
 init_gyros(void){
 ^
../Src/sensors.c:71:1: warning: conflicting types for 'init_gyros'
In file included from ../Src/sensors.c:11:0:
../Src/sensors.h:35:6: note: previous declaration of 'init_gyros' was here
 void init_gyros(void);
      ^
../Src/sensors.c: In function 'test_gyros':
../Src/sensors.c:119:36: warning: implicit declaration of function 'strlen' [-Wimplicit-function-declaration]
   HAL_UART_Transmit(&huart1, data, strlen(data), 0xff);
                                    ^
../Src/sensors.c:134:14: warning: pointer targets in passing argument 1 of 'snprintf' differ in signedness [-Wpointer-sign]
     snprintf(data, 100, "%d %d %d\r\n", avg_x, avg_y, avg_z);
              ^
In file included from c:\program files (x86)\gnu tools arm embedded\5.4 2016q2\arm-none-eabi\include\stdio.h:29:0,
                 from ../system/Inc/stm32f4-hal/stm32f4xx_hal_def.h:50,
                 from ../system/Inc/stm32f4-hal/stm32f4xx_hal_rcc.h:47,
                 from ../Inc/stm32f4xx_hal_conf.h:244,
                 from ../system/Inc/stm32f4-hal/stm32f4xx_hal.h:48,
                 from ../Src/sensors.c:10:
c:\program files (x86)\gnu tools arm embedded\5.4 2016q2\arm-none-eabi\include\stdio.h:253:5: note: expected 'char * restrict' but argument is of type 'uint8_t * {aka unsigned char *}'
 int _EXFUN(snprintf, (char *__restrict, size_t, const char *__restrict, ...)
     ^
../Src/sensors.c: In function 'test_accel':
../Src/sensors.c:196:16: warning: pointer targets in passing argument 1 of 'snprintf' differ in signedness [-Wpointer-sign]
       snprintf(data, 100, "%.3f %.3f %.3f\r\n", temp1, temp2, temp3); //X Y Z
                ^
In file included from c:\program files (x86)\gnu tools arm embedded\5.4 2016q2\arm-none-eabi\include\stdio.h:29:0,
                 from ../system/Inc/stm32f4-hal/stm32f4xx_hal_def.h:50,
                 from ../system/Inc/stm32f4-hal/stm32f4xx_hal_rcc.h:47,
                 from ../Inc/stm32f4xx_hal_conf.h:244,
                 from ../system/Inc/stm32f4-hal/stm32f4xx_hal.h:48,
                 from ../Src/sensors.c:10:
c:\program files (x86)\gnu tools arm embedded\5.4 2016q2\arm-none-eabi\include\stdio.h:253:5: note: expected 'char * restrict' but argument is of type 'uint8_t * {aka unsigned char *}'
 int _EXFUN(snprintf, (char *__restrict, size_t, const char *__restrict, ...)
     ^
../Src/sensors.c: In function 'conv_pres_baro':
../Src/sensors.c:299:24: warning: variable 'TEMP' set but not used [-Wunused-but-set-variable]
   volatile int64_t dT, TEMP;
                        ^
Finished building: ../Src/sensors.c
 
Building target: Flight_Computer_Core.elf
Invoking: GNU ARM Cross C++ Linker
arm-none-eabi-g++ -mcpu=cortex-m4 -mthumb -mfloat-abi=soft -Og -fmessage-length=0 -fsigned-char -ffunction-sections -fdata-sections -ffreestanding -fno-move-loop-invariants -Wall -Wextra  -g3 -T mem.ld -T libs.ld -T sections.ld -nostartfiles -Xlinker --gc-sections -L"../ldscripts" -Wl,-Map,"Flight_Computer_Core.map" -o "Flight_Computer_Core.elf"  ./system/Src/stm32f4-hal/stm32f4xx_hal.o ./system/Src/stm32f4-hal/stm32f4xx_hal_adc.o ./system/Src/stm32f4-hal/stm32f4xx_hal_cortex.o ./system/Src/stm32f4-hal/stm32f4xx_hal_dfsdm.o ./system/Src/stm32f4-hal/stm32f4xx_hal_dma.o ./system/Src/stm32f4-hal/stm32f4xx_hal_flash.o ./system/Src/stm32f4-hal/stm32f4xx_hal_gpio.o ./system/Src/stm32f4-hal/stm32f4xx_hal_iwdg.o ./system/Src/stm32f4-hal/stm32f4xx_hal_pwr.o ./system/Src/stm32f4-hal/stm32f4xx_hal_pwr_ex.o ./system/Src/stm32f4-hal/stm32f4xx_hal_rcc.o ./system/Src/stm32f4-hal/stm32f4xx_hal_spi.o ./system/Src/stm32f4-hal/stm32f4xx_hal_tim.o ./system/Src/stm32f4-hal/stm32f4xx_hal_uart.o  ./system/Src/newlib/_cxx.o ./system/Src/newlib/_exit.o ./system/Src/newlib/_sbrk.o ./system/Src/newlib/_startup.o ./system/Src/newlib/_syscalls.o ./system/Src/newlib/assert.o  ./system/Src/diag/Trace.o ./system/Src/diag/trace_impl.o  ./system/Src/cortexm/_initialize_hardware.o ./system/Src/cortexm/_reset_hardware.o ./system/Src/cortexm/exception_handlers.o  ./system/Src/cmsis/vectors_stm32f446xx.o  ./Src/_initialize_hardware.o ./Src/_write.o ./Src/commandline.o ./Src/flash.o ./Src/main.o ./Src/sensors.o ./Src/stm32f4xx_hal_msp.o ./Src/stm32f4xx_it.o ./Src/system_stm32f4xx.o   
Finished building target: Flight_Computer_Core.elf
 
Invoking: GNU ARM Cross Create Flash Image
arm-none-eabi-objcopy -O ihex "Flight_Computer_Core.elf"  "Flight_Computer_Core.hex"
Finished building: Flight_Computer_Core.hex
 
Invoking: GNU ARM Cross Print Size
arm-none-eabi-size --format=berkeley "Flight_Computer_Core.elf"
   text	   data	    bss	    dec	    hex	filename
  34584	   2224	    900	  37708	   934c	Flight_Computer_Core.elf
Finished building: Flight_Computer_Core.siz
 
02:46:41 **** Incremental Build of configuration Debug for project Flight_Computer_Core ****
make all 
Building file: ../Src/sensors.c
Invoking: GNU ARM Cross C Compiler
arm-none-eabi-gcc -mcpu=cortex-m4 -mthumb -mfloat-abi=soft -Og -fmessage-length=0 -fsigned-char -ffunction-sections -fdata-sections -ffreestanding -fno-move-loop-invariants -Wall -Wextra  -g3 -DDEBUG -DUSE_FULL_ASSERT -DTRACE -DOS_USE_TRACE_ITM -DSTM32F446xx -DUSE_HAL_DRIVER -DHSE_VALUE=24000000 -I"../Inc" -I"../system/Inc" -I"../system/Inc/cmsis" -I"../system/Inc/stm32f4-hal" -std=gnu11 -MMD -MP -MF"Src/sensors.d" -MT"Src/sensors.o" -c -o "Src/sensors.o" "../Src/sensors.c"
../Src/sensors.c:71:1: warning: return type defaults to 'int' [-Wimplicit-int]
 init_gyros(void){
 ^
../Src/sensors.c:71:1: warning: conflicting types for 'init_gyros'
In file included from ../Src/sensors.c:11:0:
../Src/sensors.h:35:6: note: previous declaration of 'init_gyros' was here
 void init_gyros(void);
      ^
../Src/sensors.c: In function 'test_gyros':
../Src/sensors.c:119:36: warning: implicit declaration of function 'strlen' [-Wimplicit-function-declaration]
   HAL_UART_Transmit(&huart1, data, strlen(data), 0xff);
                                    ^
../Src/sensors.c:134:14: warning: pointer targets in passing argument 1 of 'snprintf' differ in signedness [-Wpointer-sign]
     snprintf(data, 100, "%d %d %d\r\n", avg_x, avg_y, avg_z);
              ^
In file included from c:\program files (x86)\gnu tools arm embedded\5.4 2016q2\arm-none-eabi\include\stdio.h:29:0,
                 from ../system/Inc/stm32f4-hal/stm32f4xx_hal_def.h:50,
                 from ../system/Inc/stm32f4-hal/stm32f4xx_hal_rcc.h:47,
                 from ../Inc/stm32f4xx_hal_conf.h:244,
                 from ../system/Inc/stm32f4-hal/stm32f4xx_hal.h:48,
                 from ../Src/sensors.c:10:
c:\program files (x86)\gnu tools arm embedded\5.4 2016q2\arm-none-eabi\include\stdio.h:253:5: note: expected 'char * restrict' but argument is of type 'uint8_t * {aka unsigned char *}'
 int _EXFUN(snprintf, (char *__restrict, size_t, const char *__restrict, ...)
     ^
../Src/sensors.c: In function 'test_accel':
../Src/sensors.c:196:16: warning: pointer targets in passing argument 1 of 'snprintf' differ in signedness [-Wpointer-sign]
       snprintf(data, 100, "%.3f %.3f %.3f\r\n", temp1, temp2, temp3); //X Y Z
                ^
In file included from c:\program files (x86)\gnu tools arm embedded\5.4 2016q2\arm-none-eabi\include\stdio.h:29:0,
                 from ../system/Inc/stm32f4-hal/stm32f4xx_hal_def.h:50,
                 from ../system/Inc/stm32f4-hal/stm32f4xx_hal_rcc.h:47,
                 from ../Inc/stm32f4xx_hal_conf.h:244,
                 from ../system/Inc/stm32f4-hal/stm32f4xx_hal.h:48,
                 from ../Src/sensors.c:10:
c:\program files (x86)\gnu tools arm embedded\5.4 2016q2\arm-none-eabi\include\stdio.h:253:5: note: expected 'char * restrict' but argument is of type 'uint8_t * {aka unsigned char *}'
 int _EXFUN(snprintf, (char *__restrict, size_t, const char *__restrict, ...)
     ^
../Src/sensors.c: In function 'conv_pres_baro':
../Src/sensors.c:301:30: warning: unused variable 'partialB' [-Wunused-variable]
   volatile int64_t partialA, partialB;
                              ^
../Src/sensors.c:299:24: warning: variable 'TEMP' set but not used [-Wunused-but-set-variable]
   volatile int32_t dT, TEMP;
                        ^
Finished building: ../Src/sensors.c
 
Building target: Flight_Computer_Core.elf
Invoking: GNU ARM Cross C++ Linker
arm-none-eabi-g++ -mcpu=cortex-m4 -mthumb -mfloat-abi=soft -Og -fmessage-length=0 -fsigned-char -ffunction-sections -fdata-sections -ffreestanding -fno-move-loop-invariants -Wall -Wextra  -g3 -T mem.ld -T libs.ld -T sections.ld -nostartfiles -Xlinker --gc-sections -L"../ldscripts" -Wl,-Map,"Flight_Computer_Core.map" -o "Flight_Computer_Core.elf"  ./system/Src/stm32f4-hal/stm32f4xx_hal.o ./system/Src/stm32f4-hal/stm32f4xx_hal_adc.o ./system/Src/stm32f4-hal/stm32f4xx_hal_cortex.o ./system/Src/stm32f4-hal/stm32f4xx_hal_dfsdm.o ./system/Src/stm32f4-hal/stm32f4xx_hal_dma.o ./system/Src/stm32f4-hal/stm32f4xx_hal_flash.o ./system/Src/stm32f4-hal/stm32f4xx_hal_gpio.o ./system/Src/stm32f4-hal/stm32f4xx_hal_iwdg.o ./system/Src/stm32f4-hal/stm32f4xx_hal_pwr.o ./system/Src/stm32f4-hal/stm32f4xx_hal_pwr_ex.o ./system/Src/stm32f4-hal/stm32f4xx_hal_rcc.o ./system/Src/stm32f4-hal/stm32f4xx_hal_spi.o ./system/Src/stm32f4-hal/stm32f4xx_hal_tim.o ./system/Src/stm32f4-hal/stm32f4xx_hal_uart.o  ./system/Src/newlib/_cxx.o ./system/Src/newlib/_exit.o ./system/Src/newlib/_sbrk.o ./system/Src/newlib/_startup.o ./system/Src/newlib/_syscalls.o ./system/Src/newlib/assert.o  ./system/Src/diag/Trace.o ./system/Src/diag/trace_impl.o  ./system/Src/cortexm/_initialize_hardware.o ./system/Src/cortexm/_reset_hardware.o ./system/Src/cortexm/exception_handlers.o  ./system/Src/cmsis/vectors_stm32f446xx.o  ./Src/_initialize_hardware.o ./Src/_write.o ./Src/commandline.o ./Src/flash.o ./Src/main.o ./Src/sensors.o ./Src/stm32f4xx_hal_msp.o ./Src/stm32f4xx_it.o ./Src/system_stm32f4xx.o   
Finished building target: Flight_Computer_Core.elf
 
Invoking: GNU ARM Cross Create Flash Image
arm-none-eabi-objcopy -O ihex "Flight_Computer_Core.elf"  "Flight_Computer_Core.hex"
Finished building: Flight_Computer_Core.hex
 
Invoking: GNU ARM Cross Print Size
arm-none-eabi-size --format=berkeley "Flight_Computer_Core.elf"
   text	   data	    bss	    dec	    hex	filename
  34520	   2224	    900	  37644	   930c	Flight_Computer_Core.elf
Finished building: Flight_Computer_Core.siz
 
02:50:09 **** Incremental Build of configuration Debug for project Flight_Computer_Core ****
make all 
Building file: ../Src/sensors.c
Invoking: GNU ARM Cross C Compiler
arm-none-eabi-gcc -mcpu=cortex-m4 -mthumb -mfloat-abi=soft -Og -fmessage-length=0 -fsigned-char -ffunction-sections -fdata-sections -ffreestanding -fno-move-loop-invariants -Wall -Wextra  -g3 -DDEBUG -DUSE_FULL_ASSERT -DTRACE -DOS_USE_TRACE_ITM -DSTM32F446xx -DUSE_HAL_DRIVER -DHSE_VALUE=24000000 -I"../Inc" -I"../system/Inc" -I"../system/Inc/cmsis" -I"../system/Inc/stm32f4-hal" -std=gnu11 -MMD -MP -MF"Src/sensors.d" -MT"Src/sensors.o" -c -o "Src/sensors.o" "../Src/sensors.c"
../Src/sensors.c:71:1: warning: return type defaults to 'int' [-Wimplicit-int]
 init_gyros(void){
 ^
../Src/sensors.c:71:1: warning: conflicting types for 'init_gyros'
In file included from ../Src/sensors.c:11:0:
../Src/sensors.h:35:6: note: previous declaration of 'init_gyros' was here
 void init_gyros(void);
      ^
../Src/sensors.c: In function 'test_gyros':
../Src/sensors.c:119:36: warning: implicit declaration of function 'strlen' [-Wimplicit-function-declaration]
   HAL_UART_Transmit(&huart1, data, strlen(data), 0xff);
                                    ^
../Src/sensors.c:134:14: warning: pointer targets in passing argument 1 of 'snprintf' differ in signedness [-Wpointer-sign]
     snprintf(data, 100, "%d %d %d\r\n", avg_x, avg_y, avg_z);
              ^
In file included from c:\program files (x86)\gnu tools arm embedded\5.4 2016q2\arm-none-eabi\include\stdio.h:29:0,
                 from ../system/Inc/stm32f4-hal/stm32f4xx_hal_def.h:50,
                 from ../system/Inc/stm32f4-hal/stm32f4xx_hal_rcc.h:47,
                 from ../Inc/stm32f4xx_hal_conf.h:244,
                 from ../system/Inc/stm32f4-hal/stm32f4xx_hal.h:48,
                 from ../Src/sensors.c:10:
c:\program files (x86)\gnu tools arm embedded\5.4 2016q2\arm-none-eabi\include\stdio.h:253:5: note: expected 'char * restrict' but argument is of type 'uint8_t * {aka unsigned char *}'
 int _EXFUN(snprintf, (char *__restrict, size_t, const char *__restrict, ...)
     ^
../Src/sensors.c: In function 'test_accel':
../Src/sensors.c:196:16: warning: pointer targets in passing argument 1 of 'snprintf' differ in signedness [-Wpointer-sign]
       snprintf(data, 100, "%.3f %.3f %.3f\r\n", temp1, temp2, temp3); //X Y Z
                ^
In file included from c:\program files (x86)\gnu tools arm embedded\5.4 2016q2\arm-none-eabi\include\stdio.h:29:0,
                 from ../system/Inc/stm32f4-hal/stm32f4xx_hal_def.h:50,
                 from ../system/Inc/stm32f4-hal/stm32f4xx_hal_rcc.h:47,
                 from ../Inc/stm32f4xx_hal_conf.h:244,
                 from ../system/Inc/stm32f4-hal/stm32f4xx_hal.h:48,
                 from ../Src/sensors.c:10:
c:\program files (x86)\gnu tools arm embedded\5.4 2016q2\arm-none-eabi\include\stdio.h:253:5: note: expected 'char * restrict' but argument is of type 'uint8_t * {aka unsigned char *}'
 int _EXFUN(snprintf, (char *__restrict, size_t, const char *__restrict, ...)
     ^
../Src/sensors.c: In function 'conv_pres_baro':
../Src/sensors.c:301:30: warning: unused variable 'partialB' [-Wunused-variable]
   volatile int64_t partialA, partialB;
                              ^
../Src/sensors.c:299:24: warning: variable 'TEMP' set but not used [-Wunused-but-set-variable]
   volatile int32_t dT, TEMP;
                        ^
Finished building: ../Src/sensors.c
 
Building target: Flight_Computer_Core.elf
Invoking: GNU ARM Cross C++ Linker
arm-none-eabi-g++ -mcpu=cortex-m4 -mthumb -mfloat-abi=soft -Og -fmessage-length=0 -fsigned-char -ffunction-sections -fdata-sections -ffreestanding -fno-move-loop-invariants -Wall -Wextra  -g3 -T mem.ld -T libs.ld -T sections.ld -nostartfiles -Xlinker --gc-sections -L"../ldscripts" -Wl,-Map,"Flight_Computer_Core.map" -o "Flight_Computer_Core.elf"  ./system/Src/stm32f4-hal/stm32f4xx_hal.o ./system/Src/stm32f4-hal/stm32f4xx_hal_adc.o ./system/Src/stm32f4-hal/stm32f4xx_hal_cortex.o ./system/Src/stm32f4-hal/stm32f4xx_hal_dfsdm.o ./system/Src/stm32f4-hal/stm32f4xx_hal_dma.o ./system/Src/stm32f4-hal/stm32f4xx_hal_flash.o ./system/Src/stm32f4-hal/stm32f4xx_hal_gpio.o ./system/Src/stm32f4-hal/stm32f4xx_hal_iwdg.o ./system/Src/stm32f4-hal/stm32f4xx_hal_pwr.o ./system/Src/stm32f4-hal/stm32f4xx_hal_pwr_ex.o ./system/Src/stm32f4-hal/stm32f4xx_hal_rcc.o ./system/Src/stm32f4-hal/stm32f4xx_hal_spi.o ./system/Src/stm32f4-hal/stm32f4xx_hal_tim.o ./system/Src/stm32f4-hal/stm32f4xx_hal_uart.o  ./system/Src/newlib/_cxx.o ./system/Src/newlib/_exit.o ./system/Src/newlib/_sbrk.o ./system/Src/newlib/_startup.o ./system/Src/newlib/_syscalls.o ./system/Src/newlib/assert.o  ./system/Src/diag/Trace.o ./system/Src/diag/trace_impl.o  ./system/Src/cortexm/_initialize_hardware.o ./system/Src/cortexm/_reset_hardware.o ./system/Src/cortexm/exception_handlers.o  ./system/Src/cmsis/vectors_stm32f446xx.o  ./Src/_initialize_hardware.o ./Src/_write.o ./Src/commandline.o ./Src/flash.o ./Src/main.o ./Src/sensors.o ./Src/stm32f4xx_hal_msp.o ./Src/stm32f4xx_it.o ./Src/system_stm32f4xx.o   
Finished building target: Flight_Computer_Core.elf
 
Invoking: GNU ARM Cross Create Flash Image
arm-none-eabi-objcopy -O ihex "Flight_Computer_Core.elf"  "Flight_Computer_Core.hex"
Finished building: Flight_Computer_Core.hex
 
Invoking: GNU ARM Cross Print Size
arm-none-eabi-size --format=berkeley "Flight_Computer_Core.elf"
   text	   data	    bss	    dec	    hex	filename
  34520	   2224	    900	  37644	   930c	Flight_Computer_Core.elf
Finished building: Flight_Computer_Core.siz
 
02:50:50 **** Incremental Build of configuration Debug for project Flight_Computer_Core ****
make all 
Building file: ../Src/sensors.c
Invoking: GNU ARM Cross C Compiler
arm-none-eabi-gcc -mcpu=cortex-m4 -mthumb -mfloat-abi=soft -Og -fmessage-length=0 -fsigned-char -ffunction-sections -fdata-sections -ffreestanding -fno-move-loop-invariants -Wall -Wextra  -g3 -DDEBUG -DUSE_FULL_ASSERT -DTRACE -DOS_USE_TRACE_ITM -DSTM32F446xx -DUSE_HAL_DRIVER -DHSE_VALUE=24000000 -I"../Inc" -I"../system/Inc" -I"../system/Inc/cmsis" -I"../system/Inc/stm32f4-hal" -std=gnu11 -MMD -MP -MF"Src/sensors.d" -MT"Src/sensors.o" -c -o "Src/sensors.o" "../Src/sensors.c"
../Src/sensors.c:71:1: warning: return type defaults to 'int' [-Wimplicit-int]
 init_gyros(void){
 ^
../Src/sensors.c:71:1: warning: conflicting types for 'init_gyros'
In file included from ../Src/sensors.c:11:0:
../Src/sensors.h:35:6: note: previous declaration of 'init_gyros' was here
 void init_gyros(void);
      ^
../Src/sensors.c: In function 'test_gyros':
../Src/sensors.c:119:36: warning: implicit declaration of function 'strlen' [-Wimplicit-function-declaration]
   HAL_UART_Transmit(&huart1, data, strlen(data), 0xff);
                                    ^
../Src/sensors.c:134:14: warning: pointer targets in passing argument 1 of 'snprintf' differ in signedness [-Wpointer-sign]
     snprintf(data, 100, "%d %d %d\r\n", avg_x, avg_y, avg_z);
              ^
In file included from c:\program files (x86)\gnu tools arm embedded\5.4 2016q2\arm-none-eabi\include\stdio.h:29:0,
                 from ../system/Inc/stm32f4-hal/stm32f4xx_hal_def.h:50,
                 from ../system/Inc/stm32f4-hal/stm32f4xx_hal_rcc.h:47,
                 from ../Inc/stm32f4xx_hal_conf.h:244,
                 from ../system/Inc/stm32f4-hal/stm32f4xx_hal.h:48,
                 from ../Src/sensors.c:10:
c:\program files (x86)\gnu tools arm embedded\5.4 2016q2\arm-none-eabi\include\stdio.h:253:5: note: expected 'char * restrict' but argument is of type 'uint8_t * {aka unsigned char *}'
 int _EXFUN(snprintf, (char *__restrict, size_t, const char *__restrict, ...)
     ^
../Src/sensors.c: In function 'test_accel':
../Src/sensors.c:196:16: warning: pointer targets in passing argument 1 of 'snprintf' differ in signedness [-Wpointer-sign]
       snprintf(data, 100, "%.3f %.3f %.3f\r\n", temp1, temp2, temp3); //X Y Z
                ^
In file included from c:\program files (x86)\gnu tools arm embedded\5.4 2016q2\arm-none-eabi\include\stdio.h:29:0,
                 from ../system/Inc/stm32f4-hal/stm32f4xx_hal_def.h:50,
                 from ../system/Inc/stm32f4-hal/stm32f4xx_hal_rcc.h:47,
                 from ../Inc/stm32f4xx_hal_conf.h:244,
                 from ../system/Inc/stm32f4-hal/stm32f4xx_hal.h:48,
                 from ../Src/sensors.c:10:
c:\program files (x86)\gnu tools arm embedded\5.4 2016q2\arm-none-eabi\include\stdio.h:253:5: note: expected 'char * restrict' but argument is of type 'uint8_t * {aka unsigned char *}'
 int _EXFUN(snprintf, (char *__restrict, size_t, const char *__restrict, ...)
     ^
../Src/sensors.c: In function 'conv_pres_baro':
../Src/sensors.c:301:30: warning: unused variable 'partialB' [-Wunused-variable]
   volatile int64_t partialA, partialB;
                              ^
../Src/sensors.c:299:24: warning: variable 'TEMP' set but not used [-Wunused-but-set-variable]
   volatile int32_t dT, TEMP;
                        ^
Finished building: ../Src/sensors.c
 
Building target: Flight_Computer_Core.elf
Invoking: GNU ARM Cross C++ Linker
arm-none-eabi-g++ -mcpu=cortex-m4 -mthumb -mfloat-abi=soft -Og -fmessage-length=0 -fsigned-char -ffunction-sections -fdata-sections -ffreestanding -fno-move-loop-invariants -Wall -Wextra  -g3 -T mem.ld -T libs.ld -T sections.ld -nostartfiles -Xlinker --gc-sections -L"../ldscripts" -Wl,-Map,"Flight_Computer_Core.map" -o "Flight_Computer_Core.elf"  ./system/Src/stm32f4-hal/stm32f4xx_hal.o ./system/Src/stm32f4-hal/stm32f4xx_hal_adc.o ./system/Src/stm32f4-hal/stm32f4xx_hal_cortex.o ./system/Src/stm32f4-hal/stm32f4xx_hal_dfsdm.o ./system/Src/stm32f4-hal/stm32f4xx_hal_dma.o ./system/Src/stm32f4-hal/stm32f4xx_hal_flash.o ./system/Src/stm32f4-hal/stm32f4xx_hal_gpio.o ./system/Src/stm32f4-hal/stm32f4xx_hal_iwdg.o ./system/Src/stm32f4-hal/stm32f4xx_hal_pwr.o ./system/Src/stm32f4-hal/stm32f4xx_hal_pwr_ex.o ./system/Src/stm32f4-hal/stm32f4xx_hal_rcc.o ./system/Src/stm32f4-hal/stm32f4xx_hal_spi.o ./system/Src/stm32f4-hal/stm32f4xx_hal_tim.o ./system/Src/stm32f4-hal/stm32f4xx_hal_uart.o  ./system/Src/newlib/_cxx.o ./system/Src/newlib/_exit.o ./system/Src/newlib/_sbrk.o ./system/Src/newlib/_startup.o ./system/Src/newlib/_syscalls.o ./system/Src/newlib/assert.o  ./system/Src/diag/Trace.o ./system/Src/diag/trace_impl.o  ./system/Src/cortexm/_initialize_hardware.o ./system/Src/cortexm/_reset_hardware.o ./system/Src/cortexm/exception_handlers.o  ./system/Src/cmsis/vectors_stm32f446xx.o  ./Src/_initialize_hardware.o ./Src/_write.o ./Src/commandline.o ./Src/flash.o ./Src/main.o ./Src/sensors.o ./Src/stm32f4xx_hal_msp.o ./Src/stm32f4xx_it.o ./Src/system_stm32f4xx.o   
Finished building target: Flight_Computer_Core.elf
 
Invoking: GNU ARM Cross Create Flash Image
arm-none-eabi-objcopy -O ihex "Flight_Computer_Core.elf"  "Flight_Computer_Core.hex"
Finished building: Flight_Computer_Core.hex
 
Invoking: GNU ARM Cross Print Size
arm-none-eabi-size --format=berkeley "Flight_Computer_Core.elf"
   text	   data	    bss	    dec	    hex	filename
  34520	   2224	    900	  37644	   930c	Flight_Computer_Core.elf
Finished building: Flight_Computer_Core.siz
 
02:51:34 **** Incremental Build of configuration Debug for project Flight_Computer_Core ****
make all 
Building file: ../Src/sensors.c
Invoking: GNU ARM Cross C Compiler
arm-none-eabi-gcc -mcpu=cortex-m4 -mthumb -mfloat-abi=soft -Og -fmessage-length=0 -fsigned-char -ffunction-sections -fdata-sections -ffreestanding -fno-move-loop-invariants -Wall -Wextra  -g3 -DDEBUG -DUSE_FULL_ASSERT -DTRACE -DOS_USE_TRACE_ITM -DSTM32F446xx -DUSE_HAL_DRIVER -DHSE_VALUE=24000000 -I"../Inc" -I"../system/Inc" -I"../system/Inc/cmsis" -I"../system/Inc/stm32f4-hal" -std=gnu11 -MMD -MP -MF"Src/sensors.d" -MT"Src/sensors.o" -c -o "Src/sensors.o" "../Src/sensors.c"
../Src/sensors.c:71:1: warning: return type defaults to 'int' [-Wimplicit-int]
 init_gyros(void){
 ^
../Src/sensors.c:71:1: warning: conflicting types for 'init_gyros'
In file included from ../Src/sensors.c:11:0:
../Src/sensors.h:35:6: note: previous declaration of 'init_gyros' was here
 void init_gyros(void);
      ^
../Src/sensors.c: In function 'test_gyros':
../Src/sensors.c:119:36: warning: implicit declaration of function 'strlen' [-Wimplicit-function-declaration]
   HAL_UART_Transmit(&huart1, data, strlen(data), 0xff);
                                    ^
../Src/sensors.c:134:14: warning: pointer targets in passing argument 1 of 'snprintf' differ in signedness [-Wpointer-sign]
     snprintf(data, 100, "%d %d %d\r\n", avg_x, avg_y, avg_z);
              ^
In file included from c:\program files (x86)\gnu tools arm embedded\5.4 2016q2\arm-none-eabi\include\stdio.h:29:0,
                 from ../system/Inc/stm32f4-hal/stm32f4xx_hal_def.h:50,
                 from ../system/Inc/stm32f4-hal/stm32f4xx_hal_rcc.h:47,
                 from ../Inc/stm32f4xx_hal_conf.h:244,
                 from ../system/Inc/stm32f4-hal/stm32f4xx_hal.h:48,
                 from ../Src/sensors.c:10:
c:\program files (x86)\gnu tools arm embedded\5.4 2016q2\arm-none-eabi\include\stdio.h:253:5: note: expected 'char * restrict' but argument is of type 'uint8_t * {aka unsigned char *}'
 int _EXFUN(snprintf, (char *__restrict, size_t, const char *__restrict, ...)
     ^
../Src/sensors.c: In function 'test_accel':
../Src/sensors.c:196:16: warning: pointer targets in passing argument 1 of 'snprintf' differ in signedness [-Wpointer-sign]
       snprintf(data, 100, "%.3f %.3f %.3f\r\n", temp1, temp2, temp3); //X Y Z
                ^
In file included from c:\program files (x86)\gnu tools arm embedded\5.4 2016q2\arm-none-eabi\include\stdio.h:29:0,
                 from ../system/Inc/stm32f4-hal/stm32f4xx_hal_def.h:50,
                 from ../system/Inc/stm32f4-hal/stm32f4xx_hal_rcc.h:47,
                 from ../Inc/stm32f4xx_hal_conf.h:244,
                 from ../system/Inc/stm32f4-hal/stm32f4xx_hal.h:48,
                 from ../Src/sensors.c:10:
c:\program files (x86)\gnu tools arm embedded\5.4 2016q2\arm-none-eabi\include\stdio.h:253:5: note: expected 'char * restrict' but argument is of type 'uint8_t * {aka unsigned char *}'
 int _EXFUN(snprintf, (char *__restrict, size_t, const char *__restrict, ...)
     ^
../Src/sensors.c: In function 'conv_pres_baro':
../Src/sensors.c:301:30: warning: unused variable 'partialB' [-Wunused-variable]
   volatile int64_t partialA, partialB;
                              ^
../Src/sensors.c:299:24: warning: variable 'TEMP' set but not used [-Wunused-but-set-variable]
   volatile int32_t dT, TEMP;
                        ^
Finished building: ../Src/sensors.c
 
Building target: Flight_Computer_Core.elf
Invoking: GNU ARM Cross C++ Linker
arm-none-eabi-g++ -mcpu=cortex-m4 -mthumb -mfloat-abi=soft -Og -fmessage-length=0 -fsigned-char -ffunction-sections -fdata-sections -ffreestanding -fno-move-loop-invariants -Wall -Wextra  -g3 -T mem.ld -T libs.ld -T sections.ld -nostartfiles -Xlinker --gc-sections -L"../ldscripts" -Wl,-Map,"Flight_Computer_Core.map" -o "Flight_Computer_Core.elf"  ./system/Src/stm32f4-hal/stm32f4xx_hal.o ./system/Src/stm32f4-hal/stm32f4xx_hal_adc.o ./system/Src/stm32f4-hal/stm32f4xx_hal_cortex.o ./system/Src/stm32f4-hal/stm32f4xx_hal_dfsdm.o ./system/Src/stm32f4-hal/stm32f4xx_hal_dma.o ./system/Src/stm32f4-hal/stm32f4xx_hal_flash.o ./system/Src/stm32f4-hal/stm32f4xx_hal_gpio.o ./system/Src/stm32f4-hal/stm32f4xx_hal_iwdg.o ./system/Src/stm32f4-hal/stm32f4xx_hal_pwr.o ./system/Src/stm32f4-hal/stm32f4xx_hal_pwr_ex.o ./system/Src/stm32f4-hal/stm32f4xx_hal_rcc.o ./system/Src/stm32f4-hal/stm32f4xx_hal_spi.o ./system/Src/stm32f4-hal/stm32f4xx_hal_tim.o ./system/Src/stm32f4-hal/stm32f4xx_hal_uart.o  ./system/Src/newlib/_cxx.o ./system/Src/newlib/_exit.o ./system/Src/newlib/_sbrk.o ./system/Src/newlib/_startup.o ./system/Src/newlib/_syscalls.o ./system/Src/newlib/assert.o  ./system/Src/diag/Trace.o ./system/Src/diag/trace_impl.o  ./system/Src/cortexm/_initialize_hardware.o ./system/Src/cortexm/_reset_hardware.o ./system/Src/cortexm/exception_handlers.o  ./system/Src/cmsis/vectors_stm32f446xx.o  ./Src/_initialize_hardware.o ./Src/_write.o ./Src/commandline.o ./Src/flash.o ./Src/main.o ./Src/sensors.o ./Src/stm32f4xx_hal_msp.o ./Src/stm32f4xx_it.o ./Src/system_stm32f4xx.o   
Finished building target: Flight_Computer_Core.elf
 
Invoking: GNU ARM Cross Create Flash Image
arm-none-eabi-objcopy -O ihex "Flight_Computer_Core.elf"  "Flight_Computer_Core.hex"
Finished building: Flight_Computer_Core.hex
 
Invoking: GNU ARM Cross Print Size
arm-none-eabi-size --format=berkeley "Flight_Computer_Core.elf"
   text	   data	    bss	    dec	    hex	filename
  34520	   2224	    900	  37644	   930c	Flight_Computer_Core.elf
Finished building: Flight_Computer_Core.siz
 
02:54:40 **** Incremental Build of configuration Debug for project Flight_Computer_Core ****
make all 
Building file: ../Src/sensors.c
Invoking: GNU ARM Cross C Compiler
arm-none-eabi-gcc -mcpu=cortex-m4 -mthumb -mfloat-abi=soft -Og -fmessage-length=0 -fsigned-char -ffunction-sections -fdata-sections -ffreestanding -fno-move-loop-invariants -Wall -Wextra  -g3 -DDEBUG -DUSE_FULL_ASSERT -DTRACE -DOS_USE_TRACE_ITM -DSTM32F446xx -DUSE_HAL_DRIVER -DHSE_VALUE=24000000 -I"../Inc" -I"../system/Inc" -I"../system/Inc/cmsis" -I"../system/Inc/stm32f4-hal" -std=gnu11 -MMD -MP -MF"Src/sensors.d" -MT"Src/sensors.o" -c -o "Src/sensors.o" "../Src/sensors.c"
../Src/sensors.c:71:1: warning: return type defaults to 'int' [-Wimplicit-int]
 init_gyros(void){
 ^
../Src/sensors.c:71:1: warning: conflicting types for 'init_gyros'
In file included from ../Src/sensors.c:11:0:
../Src/sensors.h:35:6: note: previous declaration of 'init_gyros' was here
 void init_gyros(void);
      ^
../Src/sensors.c: In function 'test_gyros':
../Src/sensors.c:119:36: warning: implicit declaration of function 'strlen' [-Wimplicit-function-declaration]
   HAL_UART_Transmit(&huart1, data, strlen(data), 0xff);
                                    ^
../Src/sensors.c:134:14: warning: pointer targets in passing argument 1 of 'snprintf' differ in signedness [-Wpointer-sign]
     snprintf(data, 100, "%d %d %d\r\n", avg_x, avg_y, avg_z);
              ^
In file included from c:\program files (x86)\gnu tools arm embedded\5.4 2016q2\arm-none-eabi\include\stdio.h:29:0,
                 from ../system/Inc/stm32f4-hal/stm32f4xx_hal_def.h:50,
                 from ../system/Inc/stm32f4-hal/stm32f4xx_hal_rcc.h:47,
                 from ../Inc/stm32f4xx_hal_conf.h:244,
                 from ../system/Inc/stm32f4-hal/stm32f4xx_hal.h:48,
                 from ../Src/sensors.c:10:
c:\program files (x86)\gnu tools arm embedded\5.4 2016q2\arm-none-eabi\include\stdio.h:253:5: note: expected 'char * restrict' but argument is of type 'uint8_t * {aka unsigned char *}'
 int _EXFUN(snprintf, (char *__restrict, size_t, const char *__restrict, ...)
     ^
../Src/sensors.c: In function 'test_accel':
../Src/sensors.c:196:16: warning: pointer targets in passing argument 1 of 'snprintf' differ in signedness [-Wpointer-sign]
       snprintf(data, 100, "%.3f %.3f %.3f\r\n", temp1, temp2, temp3); //X Y Z
                ^
In file included from c:\program files (x86)\gnu tools arm embedded\5.4 2016q2\arm-none-eabi\include\stdio.h:29:0,
                 from ../system/Inc/stm32f4-hal/stm32f4xx_hal_def.h:50,
                 from ../system/Inc/stm32f4-hal/stm32f4xx_hal_rcc.h:47,
                 from ../Inc/stm32f4xx_hal_conf.h:244,
                 from ../system/Inc/stm32f4-hal/stm32f4xx_hal.h:48,
                 from ../Src/sensors.c:10:
c:\program files (x86)\gnu tools arm embedded\5.4 2016q2\arm-none-eabi\include\stdio.h:253:5: note: expected 'char * restrict' but argument is of type 'uint8_t * {aka unsigned char *}'
 int _EXFUN(snprintf, (char *__restrict, size_t, const char *__restrict, ...)
     ^
../Src/sensors.c: In function 'conv_pres_baro':
../Src/sensors.c:301:30: warning: unused variable 'partialB' [-Wunused-variable]
   volatile int64_t partialA, partialB;
                              ^
../Src/sensors.c:299:24: warning: variable 'TEMP' set but not used [-Wunused-but-set-variable]
   volatile int32_t dT, TEMP;
                        ^
Finished building: ../Src/sensors.c
 
Building target: Flight_Computer_Core.elf
Invoking: GNU ARM Cross C++ Linker
arm-none-eabi-g++ -mcpu=cortex-m4 -mthumb -mfloat-abi=soft -Og -fmessage-length=0 -fsigned-char -ffunction-sections -fdata-sections -ffreestanding -fno-move-loop-invariants -Wall -Wextra  -g3 -T mem.ld -T libs.ld -T sections.ld -nostartfiles -Xlinker --gc-sections -L"../ldscripts" -Wl,-Map,"Flight_Computer_Core.map" -o "Flight_Computer_Core.elf"  ./system/Src/stm32f4-hal/stm32f4xx_hal.o ./system/Src/stm32f4-hal/stm32f4xx_hal_adc.o ./system/Src/stm32f4-hal/stm32f4xx_hal_cortex.o ./system/Src/stm32f4-hal/stm32f4xx_hal_dfsdm.o ./system/Src/stm32f4-hal/stm32f4xx_hal_dma.o ./system/Src/stm32f4-hal/stm32f4xx_hal_flash.o ./system/Src/stm32f4-hal/stm32f4xx_hal_gpio.o ./system/Src/stm32f4-hal/stm32f4xx_hal_iwdg.o ./system/Src/stm32f4-hal/stm32f4xx_hal_pwr.o ./system/Src/stm32f4-hal/stm32f4xx_hal_pwr_ex.o ./system/Src/stm32f4-hal/stm32f4xx_hal_rcc.o ./system/Src/stm32f4-hal/stm32f4xx_hal_spi.o ./system/Src/stm32f4-hal/stm32f4xx_hal_tim.o ./system/Src/stm32f4-hal/stm32f4xx_hal_uart.o  ./system/Src/newlib/_cxx.o ./system/Src/newlib/_exit.o ./system/Src/newlib/_sbrk.o ./system/Src/newlib/_startup.o ./system/Src/newlib/_syscalls.o ./system/Src/newlib/assert.o  ./system/Src/diag/Trace.o ./system/Src/diag/trace_impl.o  ./system/Src/cortexm/_initialize_hardware.o ./system/Src/cortexm/_reset_hardware.o ./system/Src/cortexm/exception_handlers.o  ./system/Src/cmsis/vectors_stm32f446xx.o  ./Src/_initialize_hardware.o ./Src/_write.o ./Src/commandline.o ./Src/flash.o ./Src/main.o ./Src/sensors.o ./Src/stm32f4xx_hal_msp.o ./Src/stm32f4xx_it.o ./Src/system_stm32f4xx.o   
Finished building target: Flight_Computer_Core.elf
 
Invoking: GNU ARM Cross Create Flash Image
arm-none-eabi-objcopy -O ihex "Flight_Computer_Core.elf"  "Flight_Computer_Core.hex"
Finished building: Flight_Computer_Core.hex
 
Invoking: GNU ARM Cross Print Size
arm-none-eabi-size --format=berkeley "Flight_Computer_Core.elf"
   text	   data	    bss	    dec	    hex	filename
  34584	   2224	    900	  37708	   934c	Flight_Computer_Core.elf
Finished building: Flight_Computer_Core.siz
 
02:55:14 **** Incremental Build of configuration Debug for project Flight_Computer_Core ****
make all 
Building file: ../Src/sensors.c
Invoking: GNU ARM Cross C Compiler
arm-none-eabi-gcc -mcpu=cortex-m4 -mthumb -mfloat-abi=soft -Og -fmessage-length=0 -fsigned-char -ffunction-sections -fdata-sections -ffreestanding -fno-move-loop-invariants -Wall -Wextra  -g3 -DDEBUG -DUSE_FULL_ASSERT -DTRACE -DOS_USE_TRACE_ITM -DSTM32F446xx -DUSE_HAL_DRIVER -DHSE_VALUE=24000000 -I"../Inc" -I"../system/Inc" -I"../system/Inc/cmsis" -I"../system/Inc/stm32f4-hal" -std=gnu11 -MMD -MP -MF"Src/sensors.d" -MT"Src/sensors.o" -c -o "Src/sensors.o" "../Src/sensors.c"
../Src/sensors.c:71:1: warning: return type defaults to 'int' [-Wimplicit-int]
 init_gyros(void){
 ^
../Src/sensors.c:71:1: warning: conflicting types for 'init_gyros'
In file included from ../Src/sensors.c:11:0:
../Src/sensors.h:35:6: note: previous declaration of 'init_gyros' was here
 void init_gyros(void);
      ^
../Src/sensors.c: In function 'test_gyros':
../Src/sensors.c:119:36: warning: implicit declaration of function 'strlen' [-Wimplicit-function-declaration]
   HAL_UART_Transmit(&huart1, data, strlen(data), 0xff);
                                    ^
../Src/sensors.c:134:14: warning: pointer targets in passing argument 1 of 'snprintf' differ in signedness [-Wpointer-sign]
     snprintf(data, 100, "%d %d %d\r\n", avg_x, avg_y, avg_z);
              ^
In file included from c:\program files (x86)\gnu tools arm embedded\5.4 2016q2\arm-none-eabi\include\stdio.h:29:0,
                 from ../system/Inc/stm32f4-hal/stm32f4xx_hal_def.h:50,
                 from ../system/Inc/stm32f4-hal/stm32f4xx_hal_rcc.h:47,
                 from ../Inc/stm32f4xx_hal_conf.h:244,
                 from ../system/Inc/stm32f4-hal/stm32f4xx_hal.h:48,
                 from ../Src/sensors.c:10:
c:\program files (x86)\gnu tools arm embedded\5.4 2016q2\arm-none-eabi\include\stdio.h:253:5: note: expected 'char * restrict' but argument is of type 'uint8_t * {aka unsigned char *}'
 int _EXFUN(snprintf, (char *__restrict, size_t, const char *__restrict, ...)
     ^
../Src/sensors.c: In function 'test_accel':
../Src/sensors.c:196:16: warning: pointer targets in passing argument 1 of 'snprintf' differ in signedness [-Wpointer-sign]
       snprintf(data, 100, "%.3f %.3f %.3f\r\n", temp1, temp2, temp3); //X Y Z
                ^
In file included from c:\program files (x86)\gnu tools arm embedded\5.4 2016q2\arm-none-eabi\include\stdio.h:29:0,
                 from ../system/Inc/stm32f4-hal/stm32f4xx_hal_def.h:50,
                 from ../system/Inc/stm32f4-hal/stm32f4xx_hal_rcc.h:47,
                 from ../Inc/stm32f4xx_hal_conf.h:244,
                 from ../system/Inc/stm32f4-hal/stm32f4xx_hal.h:48,
                 from ../Src/sensors.c:10:
c:\program files (x86)\gnu tools arm embedded\5.4 2016q2\arm-none-eabi\include\stdio.h:253:5: note: expected 'char * restrict' but argument is of type 'uint8_t * {aka unsigned char *}'
 int _EXFUN(snprintf, (char *__restrict, size_t, const char *__restrict, ...)
     ^
../Src/sensors.c: In function 'conv_pres_baro':
../Src/sensors.c:301:30: warning: unused variable 'partialB' [-Wunused-variable]
   volatile int64_t partialA, partialB;
                              ^
../Src/sensors.c:299:24: warning: variable 'TEMP' set but not used [-Wunused-but-set-variable]
   volatile int32_t dT, TEMP;
                        ^
Finished building: ../Src/sensors.c
 
Building target: Flight_Computer_Core.elf
Invoking: GNU ARM Cross C++ Linker
arm-none-eabi-g++ -mcpu=cortex-m4 -mthumb -mfloat-abi=soft -Og -fmessage-length=0 -fsigned-char -ffunction-sections -fdata-sections -ffreestanding -fno-move-loop-invariants -Wall -Wextra  -g3 -T mem.ld -T libs.ld -T sections.ld -nostartfiles -Xlinker --gc-sections -L"../ldscripts" -Wl,-Map,"Flight_Computer_Core.map" -o "Flight_Computer_Core.elf"  ./system/Src/stm32f4-hal/stm32f4xx_hal.o ./system/Src/stm32f4-hal/stm32f4xx_hal_adc.o ./system/Src/stm32f4-hal/stm32f4xx_hal_cortex.o ./system/Src/stm32f4-hal/stm32f4xx_hal_dfsdm.o ./system/Src/stm32f4-hal/stm32f4xx_hal_dma.o ./system/Src/stm32f4-hal/stm32f4xx_hal_flash.o ./system/Src/stm32f4-hal/stm32f4xx_hal_gpio.o ./system/Src/stm32f4-hal/stm32f4xx_hal_iwdg.o ./system/Src/stm32f4-hal/stm32f4xx_hal_pwr.o ./system/Src/stm32f4-hal/stm32f4xx_hal_pwr_ex.o ./system/Src/stm32f4-hal/stm32f4xx_hal_rcc.o ./system/Src/stm32f4-hal/stm32f4xx_hal_spi.o ./system/Src/stm32f4-hal/stm32f4xx_hal_tim.o ./system/Src/stm32f4-hal/stm32f4xx_hal_uart.o  ./system/Src/newlib/_cxx.o ./system/Src/newlib/_exit.o ./system/Src/newlib/_sbrk.o ./system/Src/newlib/_startup.o ./system/Src/newlib/_syscalls.o ./system/Src/newlib/assert.o  ./system/Src/diag/Trace.o ./system/Src/diag/trace_impl.o  ./system/Src/cortexm/_initialize_hardware.o ./system/Src/cortexm/_reset_hardware.o ./system/Src/cortexm/exception_handlers.o  ./system/Src/cmsis/vectors_stm32f446xx.o  ./Src/_initialize_hardware.o ./Src/_write.o ./Src/commandline.o ./Src/flash.o ./Src/main.o ./Src/sensors.o ./Src/stm32f4xx_hal_msp.o ./Src/stm32f4xx_it.o ./Src/system_stm32f4xx.o   
Finished building target: Flight_Computer_Core.elf
 
Invoking: GNU ARM Cross Create Flash Image
arm-none-eabi-objcopy -O ihex "Flight_Computer_Core.elf"  "Flight_Computer_Core.hex"
Finished building: Flight_Computer_Core.hex
 
Invoking: GNU ARM Cross Print Size
arm-none-eabi-size --format=berkeley "Flight_Computer_Core.elf"
   text	   data	    bss	    dec	    hex	filename
  34584	   2224	    900	  37708	   934c	Flight_Computer_Core.elf
Finished building: Flight_Computer_Core.siz
 
02:57:15 **** Incremental Build of configuration Debug for project Flight_Computer_Core ****
make all 
Building file: ../Src/sensors.c
Invoking: GNU ARM Cross C Compiler
arm-none-eabi-gcc -mcpu=cortex-m4 -mthumb -mfloat-abi=soft -Og -fmessage-length=0 -fsigned-char -ffunction-sections -fdata-sections -ffreestanding -fno-move-loop-invariants -Wall -Wextra  -g3 -DDEBUG -DUSE_FULL_ASSERT -DTRACE -DOS_USE_TRACE_ITM -DSTM32F446xx -DUSE_HAL_DRIVER -DHSE_VALUE=24000000 -I"../Inc" -I"../system/Inc" -I"../system/Inc/cmsis" -I"../system/Inc/stm32f4-hal" -std=gnu11 -MMD -MP -MF"Src/sensors.d" -MT"Src/sensors.o" -c -o "Src/sensors.o" "../Src/sensors.c"
../Src/sensors.c:71:1: warning: return type defaults to 'int' [-Wimplicit-int]
 init_gyros(void){
 ^
../Src/sensors.c:71:1: warning: conflicting types for 'init_gyros'
In file included from ../Src/sensors.c:11:0:
../Src/sensors.h:35:6: note: previous declaration of 'init_gyros' was here
 void init_gyros(void);
      ^
../Src/sensors.c: In function 'test_gyros':
../Src/sensors.c:119:36: warning: implicit declaration of function 'strlen' [-Wimplicit-function-declaration]
   HAL_UART_Transmit(&huart1, data, strlen(data), 0xff);
                                    ^
../Src/sensors.c:134:14: warning: pointer targets in passing argument 1 of 'snprintf' differ in signedness [-Wpointer-sign]
     snprintf(data, 100, "%d %d %d\r\n", avg_x, avg_y, avg_z);
              ^
In file included from c:\program files (x86)\gnu tools arm embedded\5.4 2016q2\arm-none-eabi\include\stdio.h:29:0,
                 from ../system/Inc/stm32f4-hal/stm32f4xx_hal_def.h:50,
                 from ../system/Inc/stm32f4-hal/stm32f4xx_hal_rcc.h:47,
                 from ../Inc/stm32f4xx_hal_conf.h:244,
                 from ../system/Inc/stm32f4-hal/stm32f4xx_hal.h:48,
                 from ../Src/sensors.c:10:
c:\program files (x86)\gnu tools arm embedded\5.4 2016q2\arm-none-eabi\include\stdio.h:253:5: note: expected 'char * restrict' but argument is of type 'uint8_t * {aka unsigned char *}'
 int _EXFUN(snprintf, (char *__restrict, size_t, const char *__restrict, ...)
     ^
../Src/sensors.c: In function 'test_accel':
../Src/sensors.c:196:16: warning: pointer targets in passing argument 1 of 'snprintf' differ in signedness [-Wpointer-sign]
       snprintf(data, 100, "%.3f %.3f %.3f\r\n", temp1, temp2, temp3); //X Y Z
                ^
In file included from c:\program files (x86)\gnu tools arm embedded\5.4 2016q2\arm-none-eabi\include\stdio.h:29:0,
                 from ../system/Inc/stm32f4-hal/stm32f4xx_hal_def.h:50,
                 from ../system/Inc/stm32f4-hal/stm32f4xx_hal_rcc.h:47,
                 from ../Inc/stm32f4xx_hal_conf.h:244,
                 from ../system/Inc/stm32f4-hal/stm32f4xx_hal.h:48,
                 from ../Src/sensors.c:10:
c:\program files (x86)\gnu tools arm embedded\5.4 2016q2\arm-none-eabi\include\stdio.h:253:5: note: expected 'char * restrict' but argument is of type 'uint8_t * {aka unsigned char *}'
 int _EXFUN(snprintf, (char *__restrict, size_t, const char *__restrict, ...)
     ^
../Src/sensors.c: In function 'conv_pres_baro':
../Src/sensors.c:301:30: warning: unused variable 'partialB' [-Wunused-variable]
   volatile int64_t partialA, partialB;
                              ^
../Src/sensors.c:299:24: warning: variable 'TEMP' set but not used [-Wunused-but-set-variable]
   volatile int32_t dT, TEMP;
                        ^
Finished building: ../Src/sensors.c
 
Building target: Flight_Computer_Core.elf
Invoking: GNU ARM Cross C++ Linker
arm-none-eabi-g++ -mcpu=cortex-m4 -mthumb -mfloat-abi=soft -Og -fmessage-length=0 -fsigned-char -ffunction-sections -fdata-sections -ffreestanding -fno-move-loop-invariants -Wall -Wextra  -g3 -T mem.ld -T libs.ld -T sections.ld -nostartfiles -Xlinker --gc-sections -L"../ldscripts" -Wl,-Map,"Flight_Computer_Core.map" -o "Flight_Computer_Core.elf"  ./system/Src/stm32f4-hal/stm32f4xx_hal.o ./system/Src/stm32f4-hal/stm32f4xx_hal_adc.o ./system/Src/stm32f4-hal/stm32f4xx_hal_cortex.o ./system/Src/stm32f4-hal/stm32f4xx_hal_dfsdm.o ./system/Src/stm32f4-hal/stm32f4xx_hal_dma.o ./system/Src/stm32f4-hal/stm32f4xx_hal_flash.o ./system/Src/stm32f4-hal/stm32f4xx_hal_gpio.o ./system/Src/stm32f4-hal/stm32f4xx_hal_iwdg.o ./system/Src/stm32f4-hal/stm32f4xx_hal_pwr.o ./system/Src/stm32f4-hal/stm32f4xx_hal_pwr_ex.o ./system/Src/stm32f4-hal/stm32f4xx_hal_rcc.o ./system/Src/stm32f4-hal/stm32f4xx_hal_spi.o ./system/Src/stm32f4-hal/stm32f4xx_hal_tim.o ./system/Src/stm32f4-hal/stm32f4xx_hal_uart.o  ./system/Src/newlib/_cxx.o ./system/Src/newlib/_exit.o ./system/Src/newlib/_sbrk.o ./system/Src/newlib/_startup.o ./system/Src/newlib/_syscalls.o ./system/Src/newlib/assert.o  ./system/Src/diag/Trace.o ./system/Src/diag/trace_impl.o  ./system/Src/cortexm/_initialize_hardware.o ./system/Src/cortexm/_reset_hardware.o ./system/Src/cortexm/exception_handlers.o  ./system/Src/cmsis/vectors_stm32f446xx.o  ./Src/_initialize_hardware.o ./Src/_write.o ./Src/commandline.o ./Src/flash.o ./Src/main.o ./Src/sensors.o ./Src/stm32f4xx_hal_msp.o ./Src/stm32f4xx_it.o ./Src/system_stm32f4xx.o   
Finished building target: Flight_Computer_Core.elf
 
Invoking: GNU ARM Cross Create Flash Image
arm-none-eabi-objcopy -O ihex "Flight_Computer_Core.elf"  "Flight_Computer_Core.hex"
Finished building: Flight_Computer_Core.hex
 
Invoking: GNU ARM Cross Print Size
arm-none-eabi-size --format=berkeley "Flight_Computer_Core.elf"
   text	   data	    bss	    dec	    hex	filename
  34584	   2224	    900	  37708	   934c	Flight_Computer_Core.elf
Finished building: Flight_Computer_Core.siz
 
02:57:53 **** Incremental Build of configuration Debug for project Flight_Computer_Core ****
make all 
Building file: ../Src/sensors.c
Invoking: GNU ARM Cross C Compiler
arm-none-eabi-gcc -mcpu=cortex-m4 -mthumb -mfloat-abi=soft -Og -fmessage-length=0 -fsigned-char -ffunction-sections -fdata-sections -ffreestanding -fno-move-loop-invariants -Wall -Wextra  -g3 -DDEBUG -DUSE_FULL_ASSERT -DTRACE -DOS_USE_TRACE_ITM -DSTM32F446xx -DUSE_HAL_DRIVER -DHSE_VALUE=24000000 -I"../Inc" -I"../system/Inc" -I"../system/Inc/cmsis" -I"../system/Inc/stm32f4-hal" -std=gnu11 -MMD -MP -MF"Src/sensors.d" -MT"Src/sensors.o" -c -o "Src/sensors.o" "../Src/sensors.c"
../Src/sensors.c:71:1: warning: return type defaults to 'int' [-Wimplicit-int]
 init_gyros(void){
 ^
../Src/sensors.c:71:1: warning: conflicting types for 'init_gyros'
In file included from ../Src/sensors.c:11:0:
../Src/sensors.h:35:6: note: previous declaration of 'init_gyros' was here
 void init_gyros(void);
      ^
../Src/sensors.c: In function 'test_gyros':
../Src/sensors.c:119:36: warning: implicit declaration of function 'strlen' [-Wimplicit-function-declaration]
   HAL_UART_Transmit(&huart1, data, strlen(data), 0xff);
                                    ^
../Src/sensors.c:134:14: warning: pointer targets in passing argument 1 of 'snprintf' differ in signedness [-Wpointer-sign]
     snprintf(data, 100, "%d %d %d\r\n", avg_x, avg_y, avg_z);
              ^
In file included from c:\program files (x86)\gnu tools arm embedded\5.4 2016q2\arm-none-eabi\include\stdio.h:29:0,
                 from ../system/Inc/stm32f4-hal/stm32f4xx_hal_def.h:50,
                 from ../system/Inc/stm32f4-hal/stm32f4xx_hal_rcc.h:47,
                 from ../Inc/stm32f4xx_hal_conf.h:244,
                 from ../system/Inc/stm32f4-hal/stm32f4xx_hal.h:48,
                 from ../Src/sensors.c:10:
c:\program files (x86)\gnu tools arm embedded\5.4 2016q2\arm-none-eabi\include\stdio.h:253:5: note: expected 'char * restrict' but argument is of type 'uint8_t * {aka unsigned char *}'
 int _EXFUN(snprintf, (char *__restrict, size_t, const char *__restrict, ...)
     ^
../Src/sensors.c: In function 'test_accel':
../Src/sensors.c:196:16: warning: pointer targets in passing argument 1 of 'snprintf' differ in signedness [-Wpointer-sign]
       snprintf(data, 100, "%.3f %.3f %.3f\r\n", temp1, temp2, temp3); //X Y Z
                ^
In file included from c:\program files (x86)\gnu tools arm embedded\5.4 2016q2\arm-none-eabi\include\stdio.h:29:0,
                 from ../system/Inc/stm32f4-hal/stm32f4xx_hal_def.h:50,
                 from ../system/Inc/stm32f4-hal/stm32f4xx_hal_rcc.h:47,
                 from ../Inc/stm32f4xx_hal_conf.h:244,
                 from ../system/Inc/stm32f4-hal/stm32f4xx_hal.h:48,
                 from ../Src/sensors.c:10:
c:\program files (x86)\gnu tools arm embedded\5.4 2016q2\arm-none-eabi\include\stdio.h:253:5: note: expected 'char * restrict' but argument is of type 'uint8_t * {aka unsigned char *}'
 int _EXFUN(snprintf, (char *__restrict, size_t, const char *__restrict, ...)
     ^
../Src/sensors.c: In function 'conv_pres_baro':
../Src/sensors.c:301:30: warning: unused variable 'partialB' [-Wunused-variable]
   volatile int64_t partialA, partialB;
                              ^
../Src/sensors.c:299:24: warning: variable 'TEMP' set but not used [-Wunused-but-set-variable]
   volatile int32_t dT, TEMP;
                        ^
Finished building: ../Src/sensors.c
 
Building target: Flight_Computer_Core.elf
Invoking: GNU ARM Cross C++ Linker
arm-none-eabi-g++ -mcpu=cortex-m4 -mthumb -mfloat-abi=soft -Og -fmessage-length=0 -fsigned-char -ffunction-sections -fdata-sections -ffreestanding -fno-move-loop-invariants -Wall -Wextra  -g3 -T mem.ld -T libs.ld -T sections.ld -nostartfiles -Xlinker --gc-sections -L"../ldscripts" -Wl,-Map,"Flight_Computer_Core.map" -o "Flight_Computer_Core.elf"  ./system/Src/stm32f4-hal/stm32f4xx_hal.o ./system/Src/stm32f4-hal/stm32f4xx_hal_adc.o ./system/Src/stm32f4-hal/stm32f4xx_hal_cortex.o ./system/Src/stm32f4-hal/stm32f4xx_hal_dfsdm.o ./system/Src/stm32f4-hal/stm32f4xx_hal_dma.o ./system/Src/stm32f4-hal/stm32f4xx_hal_flash.o ./system/Src/stm32f4-hal/stm32f4xx_hal_gpio.o ./system/Src/stm32f4-hal/stm32f4xx_hal_iwdg.o ./system/Src/stm32f4-hal/stm32f4xx_hal_pwr.o ./system/Src/stm32f4-hal/stm32f4xx_hal_pwr_ex.o ./system/Src/stm32f4-hal/stm32f4xx_hal_rcc.o ./system/Src/stm32f4-hal/stm32f4xx_hal_spi.o ./system/Src/stm32f4-hal/stm32f4xx_hal_tim.o ./system/Src/stm32f4-hal/stm32f4xx_hal_uart.o  ./system/Src/newlib/_cxx.o ./system/Src/newlib/_exit.o ./system/Src/newlib/_sbrk.o ./system/Src/newlib/_startup.o ./system/Src/newlib/_syscalls.o ./system/Src/newlib/assert.o  ./system/Src/diag/Trace.o ./system/Src/diag/trace_impl.o  ./system/Src/cortexm/_initialize_hardware.o ./system/Src/cortexm/_reset_hardware.o ./system/Src/cortexm/exception_handlers.o  ./system/Src/cmsis/vectors_stm32f446xx.o  ./Src/_initialize_hardware.o ./Src/_write.o ./Src/commandline.o ./Src/flash.o ./Src/main.o ./Src/sensors.o ./Src/stm32f4xx_hal_msp.o ./Src/stm32f4xx_it.o ./Src/system_stm32f4xx.o   
Finished building target: Flight_Computer_Core.elf
 
Invoking: GNU ARM Cross Create Flash Image
arm-none-eabi-objcopy -O ihex "Flight_Computer_Core.elf"  "Flight_Computer_Core.hex"
Finished building: Flight_Computer_Core.hex
 
Invoking: GNU ARM Cross Print Size
arm-none-eabi-size --format=berkeley "Flight_Computer_Core.elf"
   text	   data	    bss	    dec	    hex	filename
  34584	   2224	    900	  37708	   934c	Flight_Computer_Core.elf
Finished building: Flight_Computer_Core.siz
 
03:01:07 **** Incremental Build of configuration Debug for project Flight_Computer_Core ****
make all 
Building file: ../Src/sensors.c
Invoking: GNU ARM Cross C Compiler
arm-none-eabi-gcc -mcpu=cortex-m4 -mthumb -mfloat-abi=soft -Og -fmessage-length=0 -fsigned-char -ffunction-sections -fdata-sections -ffreestanding -fno-move-loop-invariants -Wall -Wextra  -g3 -DDEBUG -DUSE_FULL_ASSERT -DTRACE -DOS_USE_TRACE_ITM -DSTM32F446xx -DUSE_HAL_DRIVER -DHSE_VALUE=24000000 -I"../Inc" -I"../system/Inc" -I"../system/Inc/cmsis" -I"../system/Inc/stm32f4-hal" -std=gnu11 -MMD -MP -MF"Src/sensors.d" -MT"Src/sensors.o" -c -o "Src/sensors.o" "../Src/sensors.c"
../Src/sensors.c:71:1: warning: return type defaults to 'int' [-Wimplicit-int]
 init_gyros(void){
 ^
../Src/sensors.c:71:1: warning: conflicting types for 'init_gyros'
In file included from ../Src/sensors.c:11:0:
../Src/sensors.h:35:6: note: previous declaration of 'init_gyros' was here
 void init_gyros(void);
      ^
../Src/sensors.c: In function 'test_gyros':
../Src/sensors.c:119:36: warning: implicit declaration of function 'strlen' [-Wimplicit-function-declaration]
   HAL_UART_Transmit(&huart1, data, strlen(data), 0xff);
                                    ^
../Src/sensors.c:134:14: warning: pointer targets in passing argument 1 of 'snprintf' differ in signedness [-Wpointer-sign]
     snprintf(data, 100, "%d %d %d\r\n", avg_x, avg_y, avg_z);
              ^
In file included from c:\program files (x86)\gnu tools arm embedded\5.4 2016q2\arm-none-eabi\include\stdio.h:29:0,
                 from ../system/Inc/stm32f4-hal/stm32f4xx_hal_def.h:50,
                 from ../system/Inc/stm32f4-hal/stm32f4xx_hal_rcc.h:47,
                 from ../Inc/stm32f4xx_hal_conf.h:244,
                 from ../system/Inc/stm32f4-hal/stm32f4xx_hal.h:48,
                 from ../Src/sensors.c:10:
c:\program files (x86)\gnu tools arm embedded\5.4 2016q2\arm-none-eabi\include\stdio.h:253:5: note: expected 'char * restrict' but argument is of type 'uint8_t * {aka unsigned char *}'
 int _EXFUN(snprintf, (char *__restrict, size_t, const char *__restrict, ...)
     ^
../Src/sensors.c: In function 'test_accel':
../Src/sensors.c:196:16: warning: pointer targets in passing argument 1 of 'snprintf' differ in signedness [-Wpointer-sign]
       snprintf(data, 100, "%.3f %.3f %.3f\r\n", temp1, temp2, temp3); //X Y Z
                ^
In file included from c:\program files (x86)\gnu tools arm embedded\5.4 2016q2\arm-none-eabi\include\stdio.h:29:0,
                 from ../system/Inc/stm32f4-hal/stm32f4xx_hal_def.h:50,
                 from ../system/Inc/stm32f4-hal/stm32f4xx_hal_rcc.h:47,
                 from ../Inc/stm32f4xx_hal_conf.h:244,
                 from ../system/Inc/stm32f4-hal/stm32f4xx_hal.h:48,
                 from ../Src/sensors.c:10:
c:\program files (x86)\gnu tools arm embedded\5.4 2016q2\arm-none-eabi\include\stdio.h:253:5: note: expected 'char * restrict' but argument is of type 'uint8_t * {aka unsigned char *}'
 int _EXFUN(snprintf, (char *__restrict, size_t, const char *__restrict, ...)
     ^
../Src/sensors.c: In function 'conv_pres_baro':
../Src/sensors.c:301:30: warning: unused variable 'partialB' [-Wunused-variable]
   volatile int64_t partialA, partialB;
                              ^
../Src/sensors.c:299:24: warning: variable 'TEMP' set but not used [-Wunused-but-set-variable]
   volatile int32_t dT, TEMP;
                        ^
Finished building: ../Src/sensors.c
 
Building target: Flight_Computer_Core.elf
Invoking: GNU ARM Cross C++ Linker
arm-none-eabi-g++ -mcpu=cortex-m4 -mthumb -mfloat-abi=soft -Og -fmessage-length=0 -fsigned-char -ffunction-sections -fdata-sections -ffreestanding -fno-move-loop-invariants -Wall -Wextra  -g3 -T mem.ld -T libs.ld -T sections.ld -nostartfiles -Xlinker --gc-sections -L"../ldscripts" -Wl,-Map,"Flight_Computer_Core.map" -o "Flight_Computer_Core.elf"  ./system/Src/stm32f4-hal/stm32f4xx_hal.o ./system/Src/stm32f4-hal/stm32f4xx_hal_adc.o ./system/Src/stm32f4-hal/stm32f4xx_hal_cortex.o ./system/Src/stm32f4-hal/stm32f4xx_hal_dfsdm.o ./system/Src/stm32f4-hal/stm32f4xx_hal_dma.o ./system/Src/stm32f4-hal/stm32f4xx_hal_flash.o ./system/Src/stm32f4-hal/stm32f4xx_hal_gpio.o ./system/Src/stm32f4-hal/stm32f4xx_hal_iwdg.o ./system/Src/stm32f4-hal/stm32f4xx_hal_pwr.o ./system/Src/stm32f4-hal/stm32f4xx_hal_pwr_ex.o ./system/Src/stm32f4-hal/stm32f4xx_hal_rcc.o ./system/Src/stm32f4-hal/stm32f4xx_hal_spi.o ./system/Src/stm32f4-hal/stm32f4xx_hal_tim.o ./system/Src/stm32f4-hal/stm32f4xx_hal_uart.o  ./system/Src/newlib/_cxx.o ./system/Src/newlib/_exit.o ./system/Src/newlib/_sbrk.o ./system/Src/newlib/_startup.o ./system/Src/newlib/_syscalls.o ./system/Src/newlib/assert.o  ./system/Src/diag/Trace.o ./system/Src/diag/trace_impl.o  ./system/Src/cortexm/_initialize_hardware.o ./system/Src/cortexm/_reset_hardware.o ./system/Src/cortexm/exception_handlers.o  ./system/Src/cmsis/vectors_stm32f446xx.o  ./Src/_initialize_hardware.o ./Src/_write.o ./Src/commandline.o ./Src/flash.o ./Src/main.o ./Src/sensors.o ./Src/stm32f4xx_hal_msp.o ./Src/stm32f4xx_it.o ./Src/system_stm32f4xx.o   
Finished building target: Flight_Computer_Core.elf
 
Invoking: GNU ARM Cross Create Flash Image
arm-none-eabi-objcopy -O ihex "Flight_Computer_Core.elf"  "Flight_Computer_Core.hex"
Finished building: Flight_Computer_Core.hex
 
Invoking: GNU ARM Cross Print Size
arm-none-eabi-size --format=berkeley "Flight_Computer_Core.elf"
   text	   data	    bss	    dec	    hex	filename
  34584	   2224	    900	  37708	   934c	Flight_Computer_Core.elf
Finished building: Flight_Computer_Core.siz
 
03:16:32 **** Incremental Build of configuration Debug for project Flight_Computer_Core ****
make all 
Building file: ../Src/sensors.c
Invoking: GNU ARM Cross C Compiler
arm-none-eabi-gcc -mcpu=cortex-m4 -mthumb -mfloat-abi=soft -Og -fmessage-length=0 -fsigned-char -ffunction-sections -fdata-sections -ffreestanding -fno-move-loop-invariants -Wall -Wextra  -g3 -DDEBUG -DUSE_FULL_ASSERT -DTRACE -DOS_USE_TRACE_ITM -DSTM32F446xx -DUSE_HAL_DRIVER -DHSE_VALUE=24000000 -I"../Inc" -I"../system/Inc" -I"../system/Inc/cmsis" -I"../system/Inc/stm32f4-hal" -std=gnu11 -MMD -MP -MF"Src/sensors.d" -MT"Src/sensors.o" -c -o "Src/sensors.o" "../Src/sensors.c"
../Src/sensors.c:71:1: warning: return type defaults to 'int' [-Wimplicit-int]
 init_gyros(void){
 ^
../Src/sensors.c:71:1: warning: conflicting types for 'init_gyros'
In file included from ../Src/sensors.c:11:0:
../Src/sensors.h:35:6: note: previous declaration of 'init_gyros' was here
 void init_gyros(void);
      ^
../Src/sensors.c: In function 'test_gyros':
../Src/sensors.c:119:36: warning: implicit declaration of function 'strlen' [-Wimplicit-function-declaration]
   HAL_UART_Transmit(&huart1, data, strlen(data), 0xff);
                                    ^
../Src/sensors.c:134:14: warning: pointer targets in passing argument 1 of 'snprintf' differ in signedness [-Wpointer-sign]
     snprintf(data, 100, "%d %d %d\r\n", avg_x, avg_y, avg_z);
              ^
In file included from c:\program files (x86)\gnu tools arm embedded\5.4 2016q2\arm-none-eabi\include\stdio.h:29:0,
                 from ../system/Inc/stm32f4-hal/stm32f4xx_hal_def.h:50,
                 from ../system/Inc/stm32f4-hal/stm32f4xx_hal_rcc.h:47,
                 from ../Inc/stm32f4xx_hal_conf.h:244,
                 from ../system/Inc/stm32f4-hal/stm32f4xx_hal.h:48,
                 from ../Src/sensors.c:10:
c:\program files (x86)\gnu tools arm embedded\5.4 2016q2\arm-none-eabi\include\stdio.h:253:5: note: expected 'char * restrict' but argument is of type 'uint8_t * {aka unsigned char *}'
 int _EXFUN(snprintf, (char *__restrict, size_t, const char *__restrict, ...)
     ^
../Src/sensors.c: In function 'test_accel':
../Src/sensors.c:196:16: warning: pointer targets in passing argument 1 of 'snprintf' differ in signedness [-Wpointer-sign]
       snprintf(data, 100, "%.3f %.3f %.3f\r\n", temp1, temp2, temp3); //X Y Z
                ^
In file included from c:\program files (x86)\gnu tools arm embedded\5.4 2016q2\arm-none-eabi\include\stdio.h:29:0,
                 from ../system/Inc/stm32f4-hal/stm32f4xx_hal_def.h:50,
                 from ../system/Inc/stm32f4-hal/stm32f4xx_hal_rcc.h:47,
                 from ../Inc/stm32f4xx_hal_conf.h:244,
                 from ../system/Inc/stm32f4-hal/stm32f4xx_hal.h:48,
                 from ../Src/sensors.c:10:
c:\program files (x86)\gnu tools arm embedded\5.4 2016q2\arm-none-eabi\include\stdio.h:253:5: note: expected 'char * restrict' but argument is of type 'uint8_t * {aka unsigned char *}'
 int _EXFUN(snprintf, (char *__restrict, size_t, const char *__restrict, ...)
     ^
../Src/sensors.c: In function 'conv_pres_baro':
../Src/sensors.c:301:30: warning: unused variable 'partialB' [-Wunused-variable]
   volatile int64_t partialA, partialB;
                              ^
../Src/sensors.c:299:24: warning: variable 'TEMP' set but not used [-Wunused-but-set-variable]
   volatile int32_t dT, TEMP;
                        ^
Finished building: ../Src/sensors.c
 
Building target: Flight_Computer_Core.elf
Invoking: GNU ARM Cross C++ Linker
arm-none-eabi-g++ -mcpu=cortex-m4 -mthumb -mfloat-abi=soft -Og -fmessage-length=0 -fsigned-char -ffunction-sections -fdata-sections -ffreestanding -fno-move-loop-invariants -Wall -Wextra  -g3 -T mem.ld -T libs.ld -T sections.ld -nostartfiles -Xlinker --gc-sections -L"../ldscripts" -Wl,-Map,"Flight_Computer_Core.map" -o "Flight_Computer_Core.elf"  ./system/Src/stm32f4-hal/stm32f4xx_hal.o ./system/Src/stm32f4-hal/stm32f4xx_hal_adc.o ./system/Src/stm32f4-hal/stm32f4xx_hal_cortex.o ./system/Src/stm32f4-hal/stm32f4xx_hal_dfsdm.o ./system/Src/stm32f4-hal/stm32f4xx_hal_dma.o ./system/Src/stm32f4-hal/stm32f4xx_hal_flash.o ./system/Src/stm32f4-hal/stm32f4xx_hal_gpio.o ./system/Src/stm32f4-hal/stm32f4xx_hal_iwdg.o ./system/Src/stm32f4-hal/stm32f4xx_hal_pwr.o ./system/Src/stm32f4-hal/stm32f4xx_hal_pwr_ex.o ./system/Src/stm32f4-hal/stm32f4xx_hal_rcc.o ./system/Src/stm32f4-hal/stm32f4xx_hal_spi.o ./system/Src/stm32f4-hal/stm32f4xx_hal_tim.o ./system/Src/stm32f4-hal/stm32f4xx_hal_uart.o  ./system/Src/newlib/_cxx.o ./system/Src/newlib/_exit.o ./system/Src/newlib/_sbrk.o ./system/Src/newlib/_startup.o ./system/Src/newlib/_syscalls.o ./system/Src/newlib/assert.o  ./system/Src/diag/Trace.o ./system/Src/diag/trace_impl.o  ./system/Src/cortexm/_initialize_hardware.o ./system/Src/cortexm/_reset_hardware.o ./system/Src/cortexm/exception_handlers.o  ./system/Src/cmsis/vectors_stm32f446xx.o  ./Src/_initialize_hardware.o ./Src/_write.o ./Src/commandline.o ./Src/flash.o ./Src/main.o ./Src/sensors.o ./Src/stm32f4xx_hal_msp.o ./Src/stm32f4xx_it.o ./Src/system_stm32f4xx.o   
Finished building target: Flight_Computer_Core.elf
 
Invoking: GNU ARM Cross Create Flash Image
arm-none-eabi-objcopy -O ihex "Flight_Computer_Core.elf"  "Flight_Computer_Core.hex"
Finished building: Flight_Computer_Core.hex
 
Invoking: GNU ARM Cross Print Size
arm-none-eabi-size --format=berkeley "Flight_Computer_Core.elf"
   text	   data	    bss	    dec	    hex	filename
  34584	   2224	    900	  37708	   934c	Flight_Computer_Core.elf
Finished building: Flight_Computer_Core.siz
 
03:18:41 **** Incremental Build of configuration Debug for project Flight_Computer_Core ****
make all 
Building file: ../Src/main.c
Invoking: GNU ARM Cross C Compiler
arm-none-eabi-gcc -mcpu=cortex-m4 -mthumb -mfloat-abi=soft -Og -fmessage-length=0 -fsigned-char -ffunction-sections -fdata-sections -ffreestanding -fno-move-loop-invariants -Wall -Wextra  -g3 -DDEBUG -DUSE_FULL_ASSERT -DTRACE -DOS_USE_TRACE_ITM -DSTM32F446xx -DUSE_HAL_DRIVER -DHSE_VALUE=24000000 -I"../Inc" -I"../system/Inc" -I"../system/Inc/cmsis" -I"../system/Inc/stm32f4-hal" -std=gnu11 -MMD -MP -MF"Src/main.d" -MT"Src/main.o" -c -o "Src/main.o" "../Src/main.c"
../Src/main.c: In function 'main':
../Src/main.c:142:12: warning: unused variable 'log' [-Wunused-variable]
   logfile *log = new_log();
            ^
../Src/main.c: In function '_Error_Handler':
../Src/main.c:455:28: warning: unused parameter 'file' [-Wunused-parameter]
 void _Error_Handler(char * file, int line)
                            ^
../Src/main.c:455:38: warning: unused parameter 'line' [-Wunused-parameter]
 void _Error_Handler(char * file, int line)
                                      ^
../Src/main.c: In function 'assert_failed':
../Src/main.c:474:29: warning: unused parameter 'file' [-Wunused-parameter]
 void assert_failed(uint8_t* file, uint32_t line)
                             ^
../Src/main.c:474:44: warning: unused parameter 'line' [-Wunused-parameter]
 void assert_failed(uint8_t* file, uint32_t line)
                                            ^
Finished building: ../Src/main.c
 
Building target: Flight_Computer_Core.elf
Invoking: GNU ARM Cross C++ Linker
arm-none-eabi-g++ -mcpu=cortex-m4 -mthumb -mfloat-abi=soft -Og -fmessage-length=0 -fsigned-char -ffunction-sections -fdata-sections -ffreestanding -fno-move-loop-invariants -Wall -Wextra  -g3 -T mem.ld -T libs.ld -T sections.ld -nostartfiles -Xlinker --gc-sections -L"../ldscripts" -Wl,-Map,"Flight_Computer_Core.map" -o "Flight_Computer_Core.elf"  ./system/Src/stm32f4-hal/stm32f4xx_hal.o ./system/Src/stm32f4-hal/stm32f4xx_hal_adc.o ./system/Src/stm32f4-hal/stm32f4xx_hal_cortex.o ./system/Src/stm32f4-hal/stm32f4xx_hal_dfsdm.o ./system/Src/stm32f4-hal/stm32f4xx_hal_dma.o ./system/Src/stm32f4-hal/stm32f4xx_hal_flash.o ./system/Src/stm32f4-hal/stm32f4xx_hal_gpio.o ./system/Src/stm32f4-hal/stm32f4xx_hal_iwdg.o ./system/Src/stm32f4-hal/stm32f4xx_hal_pwr.o ./system/Src/stm32f4-hal/stm32f4xx_hal_pwr_ex.o ./system/Src/stm32f4-hal/stm32f4xx_hal_rcc.o ./system/Src/stm32f4-hal/stm32f4xx_hal_spi.o ./system/Src/stm32f4-hal/stm32f4xx_hal_tim.o ./system/Src/stm32f4-hal/stm32f4xx_hal_uart.o  ./system/Src/newlib/_cxx.o ./system/Src/newlib/_exit.o ./system/Src/newlib/_sbrk.o ./system/Src/newlib/_startup.o ./system/Src/newlib/_syscalls.o ./system/Src/newlib/assert.o  ./system/Src/diag/Trace.o ./system/Src/diag/trace_impl.o  ./system/Src/cortexm/_initialize_hardware.o ./system/Src/cortexm/_reset_hardware.o ./system/Src/cortexm/exception_handlers.o  ./system/Src/cmsis/vectors_stm32f446xx.o  ./Src/_initialize_hardware.o ./Src/_write.o ./Src/commandline.o ./Src/flash.o ./Src/main.o ./Src/sensors.o ./Src/stm32f4xx_hal_msp.o ./Src/stm32f4xx_it.o ./Src/system_stm32f4xx.o   
Finished building target: Flight_Computer_Core.elf
 
Invoking: GNU ARM Cross Create Flash Image
arm-none-eabi-objcopy -O ihex "Flight_Computer_Core.elf"  "Flight_Computer_Core.hex"
Finished building: Flight_Computer_Core.hex
 
Invoking: GNU ARM Cross Print Size
arm-none-eabi-size --format=berkeley "Flight_Computer_Core.elf"
   text	   data	    bss	    dec	    hex	filename
  34584	   2224	    900	  37708	   934c	Flight_Computer_Core.elf
Finished building: Flight_Computer_Core.siz
 
20:48:46 **** Incremental Build of configuration Debug for project Flight_Computer_Core ****
make all 
Invoking: GNU ARM Cross Print Size
arm-none-eabi-size --format=berkeley "Flight_Computer_Core.elf"
   text	   data	    bss	    dec	    hex	filename
  34584	   2224	    900	  37708	   934c	Flight_Computer_Core.elf
Finished building: Flight_Computer_Core.siz
 
21:08:11 **** Incremental Build of configuration Debug for project Flight_Computer_Core ****
make all 
Invoking: GNU ARM Cross Print Size
arm-none-eabi-size --format=berkeley "Flight_Computer_Core.elf"
   text	   data	    bss	    dec	    hex	filename
  34584	   2224	    900	  37708	   934c	Flight_Computer_Core.elf
Finished building: Flight_Computer_Core.siz
 
21:38:19 **** Incremental Build of configuration Debug for project Flight_Computer_Core ****
make all 
Invoking: GNU ARM Cross Print Size
arm-none-eabi-size --format=berkeley "Flight_Computer_Core.elf"
   text	   data	    bss	    dec	    hex	filename
  34584	   2224	    900	  37708	   934c	Flight_Computer_Core.elf
Finished building: Flight_Computer_Core.siz
 
21:39:42 **** Incremental Build of configuration Debug for project Flight_Computer_Core ****
make all 
Invoking: GNU ARM Cross Print Size
arm-none-eabi-size --format=berkeley "Flight_Computer_Core.elf"
   text	   data	    bss	    dec	    hex	filename
  34584	   2224	    900	  37708	   934c	Flight_Computer_Core.elf
Finished building: Flight_Computer_Core.siz
 
